<?xml version="1.0" encoding="UTF-8"?>
<testsuite xmlns:xsi="http://www.w3.org/2001/XMLSchema-instance" xsi:noNamespaceSchemaLocation="https://maven.apache.org/surefire/maven-surefire-plugin/xsd/surefire-test-report-3.0.xsd" version="3.0" name="Show records functionality" time="49.365" tests="13" errors="13" skipped="0" failures="0">
  <properties>
[...]
</properties>
  <testcase name="verify default values in Users page" classname="Show records functionality" time="33.117">
    <error message="no such element: Unable to locate element: {&quot;method&quot;:&quot;xpath&quot;,&quot;selector&quot;:&quot;//span[@class=&apos;title&apos;][.=&apos;Users&apos;]&quot;}&#10;  (Session info: chrome=81.0.4044.129)&#10;For documentation on this error, please visit: https://www.seleniumhq.org/exceptions/no_such_element.html&#10;Build info: version: &apos;3.141.59&apos;, revision: &apos;e82be7d358&apos;, time: &apos;2018-11-14T08:17:03&apos;&#10;System info: host: &apos;Tahminas-MacBook-Air.local&apos;, ip: &apos;2601:140:f:7354:a95e:112f:cc08:7dde%en0&apos;, os.name: &apos;Mac OS X&apos;, os.arch: &apos;x86_64&apos;, os.version: &apos;10.15.3&apos;, java.version: &apos;12.0.2&apos;&#10;Driver info: org.openqa.selenium.chrome.ChromeDriver&#10;Capabilities {acceptInsecureCerts: false, browserName: chrome, browserVersion: 81.0.4044.129, chrome: {chromedriverVersion: 81.0.4044.69 (6813546031a4b..., userDataDir: /var/folders/0l/sj8l7z5n16l...}, goog:chromeOptions: {debuggerAddress: localhost:64583}, javascriptEnabled: true, networkConnectionEnabled: false, pageLoadStrategy: normal, platform: MAC, platformName: MAC, proxy: Proxy(), setWindowRect: true, strictFileInteractability: false, timeouts: {implicit: 0, pageLoad: 300000, script: 30000}, unhandledPromptBehavior: dismiss and notify, webauthn:virtualAuthenticators: true}&#10;Session ID: 95a22f746f8b33ac8a593ae9cc8736ad&#10;*** Element info: {Using=xpath, value=//span[@class=&apos;title&apos;][.=&apos;Users&apos;]}" type="org.openqa.selenium.NoSuchElementException"><![CDATA[org.openqa.selenium.NoSuchElementException: 
no such element: Unable to locate element: {"method":"xpath","selector":"//span[@class='title'][.='Users']"}
  (Session info: chrome=81.0.4044.129)
For documentation on this error, please visit: https://www.seleniumhq.org/exceptions/no_such_element.html
Build info: version: '3.141.59', revision: 'e82be7d358', time: '2018-11-14T08:17:03'
System info: host: 'Tahminas-MacBook-Air.local', ip: '2601:140:f:7354:a95e:112f:cc08:7dde%en0', os.name: 'Mac OS X', os.arch: 'x86_64', os.version: '10.15.3', java.version: '12.0.2'
Driver info: org.openqa.selenium.chrome.ChromeDriver
Capabilities {acceptInsecureCerts: false, browserName: chrome, browserVersion: 81.0.4044.129, chrome: {chromedriverVersion: 81.0.4044.69 (6813546031a4b..., userDataDir: /var/folders/0l/sj8l7z5n16l...}, goog:chromeOptions: {debuggerAddress: localhost:64583}, javascriptEnabled: true, networkConnectionEnabled: false, pageLoadStrategy: normal, platform: MAC, platformName: MAC, proxy: Proxy(), setWindowRect: true, strictFileInteractability: false, timeouts: {implicit: 0, pageLoad: 300000, script: 30000}, unhandledPromptBehavior: dismiss and notify, webauthn:virtualAuthenticators: true}
Session ID: 95a22f746f8b33ac8a593ae9cc8736ad
*** Element info: {Using=xpath, value=//span[@class='title'][.='Users']}
]]></error>
    <system-out><![CDATA[Apr 30, 2020 5:17:58 PM io.cucumber.junit.Cucumber <init>
WARNING: By default Cucumber is running in --non-strict mode.
This default will change to --strict and --non-strict will be removed.
You can use --strict or @CucumberOptions(strict = true) to suppress this warning



&amp#27;[31mFailed scenarios:&amp#27;[0m


&amp#27;[31mfile:///Users/tahimna/IdeaProjects/fall2019cucumberproject/src/test/resources/features/ShowRecords.feature:9&amp#27;[0m
# verify default values in Users page


&amp#27;[31mfile:///Users/tahimna/IdeaProjects/fall2019cucumberproject/src/test/resources/features/PageNavigation2.feature:7&amp#27;[0m
# Go to users page


&amp#27;[31mfile:///Users/tahimna/IdeaProjects/fall2019cucumberproject/src/test/resources/features/Login.feature:6&amp#27;[0m
# Login as a librarian


&amp#27;[31mfile:///Users/tahimna/IdeaProjects/fall2019cucumberproject/src/test/resources/features/Login.feature:12&amp#27;[0m
# Login as a student


&amp#27;[31mfile:///Users/tahimna/IdeaProjects/fall2019cucumberproject/src/test/resources/features/PageNavigation2.feature:12&amp#27;[0m
# Go to books page


&amp#27;[31mfile:///Users/tahimna/IdeaProjects/fall2019cucumberproject/src/test/resources/features/ShowRecords.feature:21&amp#27;[0m
# Change number of rows on Users page


&amp#27;[31mfile:///Users/tahimna/IdeaProjects/fall2019cucumberproject/src/test/resources/features/PageNavigation2.feature:18&amp#27;[0m
# Go to dashboard page


&amp#27;[31mfile:///Users/tahimna/IdeaProjects/fall2019cucumberproject/src/test/resources/features/Login.feature:18&amp#27;[0m
# Login as an admin


&amp#27;[31mfile:///Users/tahimna/IdeaProjects/fall2019cucumberproject/src/test/resources/features/ShowRecords.feature:35&amp#27;[0m
# Show records for 5 options


&amp#27;[31mfile:///Users/tahimna/IdeaProjects/fall2019cucumberproject/src/test/resources/features/ShowRecords.feature:36&amp#27;[0m
# Show records for 10 options


&amp#27;[31mfile:///Users/tahimna/IdeaProjects/fall2019cucumberproject/src/test/resources/features/ShowRecords.feature:37&amp#27;[0m
# Show records for 15 options


&amp#27;[31mfile:///Users/tahimna/IdeaProjects/fall2019cucumberproject/src/test/resources/features/ShowRecords.feature:38&amp#27;[0m
# Show records for 50 options


&amp#27;[31mfile:///Users/tahimna/IdeaProjects/fall2019cucumberproject/src/test/resources/features/ShowRecords.feature:39&amp#27;[0m
# Show records for 100 options




13
 Scenarios (
&amp#27;[31m13 failed&amp#27;[0m
)


58
 Steps (
&amp#27;[31m13 failed&amp#27;[0m
, 
&amp#27;[36m39 skipped&amp#27;[0m
, 
&amp#27;[32m6 passed&amp#27;[0m
)


0m
49.407s






org.openqa.selenium.NoSuchElementException: no such element: Unable to locate element: {"method":"xpath","selector":"//span[@class='title'][.='Users']"}
  (Session info: chrome=81.0.4044.129)
For documentation on this error, please visit: https://www.seleniumhq.org/exceptions/no_such_element.html
Build info: version: '3.141.59', revision: 'e82be7d358', time: '2018-11-14T08:17:03'
System info: host: 'Tahminas-MacBook-Air.local', ip: '2601:140:f:7354:a95e:112f:cc08:7dde%en0', os.name: 'Mac OS X', os.arch: 'x86_64', os.version: '10.15.3', java.version: '12.0.2'
Driver info: org.openqa.selenium.chrome.ChromeDriver
Capabilities {acceptInsecureCerts: false, browserName: chrome, browserVersion: 81.0.4044.129, chrome: {chromedriverVersion: 81.0.4044.69 (6813546031a4b..., userDataDir: /var/folders/0l/sj8l7z5n16l...}, goog:chromeOptions: {debuggerAddress: localhost:64583}, javascriptEnabled: true, networkConnectionEnabled: false, pageLoadStrategy: normal, platform: MAC, platformName: MAC, proxy: Proxy(), setWindowRect: true, strictFileInteractability: false, timeouts: {implicit: 0, pageLoad: 300000, script: 30000}, unhandledPromptBehavior: dismiss and notify, webauthn:virtualAuthenticators: true}
Session ID: 95a22f746f8b33ac8a593ae9cc8736ad
*** Element info: {Using=xpath, value=//span[@class='title'][.='Users']}


	at java.base/jdk.internal.reflect.NativeConstructorAccessorImpl.newInstance0(Native Method)


	at java.base/jdk.internal.reflect.NativeConstructorAccessorImpl.newInstance(NativeConstructorAccessorImpl.java:62)


	at java.base/jdk.internal.reflect.DelegatingConstructorAccessorImpl.newInstance(DelegatingConstructorAccessorImpl.java:45)


	at java.base/java.lang.reflect.Constructor.newInstanceWithCaller(Constructor.java:500)


	at java.base/java.lang.reflect.Constructor.newInstance(Constructor.java:481)


	at org.openqa.selenium.remote.http.W3CHttpResponseCodec.createException(W3CHttpResponseCodec.java:187)


	at org.openqa.selenium.remote.http.W3CHttpResponseCodec.decode(W3CHttpResponseCodec.java:122)


	at org.openqa.selenium.remote.http.W3CHttpResponseCodec.decode(W3CHttpResponseCodec.java:49)


	at org.openqa.selenium.remote.HttpCommandExecutor.execute(HttpCommandExecutor.java:158)


	at org.openqa.selenium.remote.service.DriverCommandExecutor.execute(DriverCommandExecutor.java:83)


	at org.openqa.selenium.remote.RemoteWebDriver.execute(RemoteWebDriver.java:552)


	at org.openqa.selenium.remote.RemoteWebDriver.findElement(RemoteWebDriver.java:323)


	at org.openqa.selenium.remote.RemoteWebDriver.findElementByXPath(RemoteWebDriver.java:428)


	at org.openqa.selenium.By$ByXPath.findElement(By.java:353)


	at org.openqa.selenium.remote.RemoteWebDriver.findElement(RemoteWebDriver.java:315)


	at org.openqa.selenium.support.pagefactory.DefaultElementLocator.findElement(DefaultElementLocator.java:69)


	at org.openqa.selenium.support.pagefactory.internal.LocatingElementHandler.invoke(LocatingElementHandler.java:38)


	at com.sun.proxy.$Proxy19.click(Unknown Source)


	at com.cybertek.library.step_definitions.PageNavigationStepDefs.i_click_on_link(PageNavigationStepDefs.java:25)


	at ✽.I click on "Users" link(file:///Users/tahimna/IdeaProjects/fall2019cucumberproject/src/test/resources/features/ShowRecords.feature:10)




org.openqa.selenium.NoSuchElementException: no such element: Unable to locate element: {"method":"xpath","selector":"//span[@class='title'][.='Users']"}
  (Session info: chrome=81.0.4044.129)
For documentation on this error, please visit: https://www.seleniumhq.org/exceptions/no_such_element.html
Build info: version: '3.141.59', revision: 'e82be7d358', time: '2018-11-14T08:17:03'
System info: host: 'Tahminas-MacBook-Air.local', ip: '2601:140:f:7354:a95e:112f:cc08:7dde%en0', os.name: 'Mac OS X', os.arch: 'x86_64', os.version: '10.15.3', java.version: '12.0.2'
Driver info: org.openqa.selenium.chrome.ChromeDriver
Capabilities {acceptInsecureCerts: false, browserName: chrome, browserVersion: 81.0.4044.129, chrome: {chromedriverVersion: 81.0.4044.69 (6813546031a4b..., userDataDir: /var/folders/0l/sj8l7z5n16l...}, goog:chromeOptions: {debuggerAddress: localhost:64583}, javascriptEnabled: true, networkConnectionEnabled: false, pageLoadStrategy: normal, platform: MAC, platformName: MAC, proxy: Proxy(), setWindowRect: true, strictFileInteractability: false, timeouts: {implicit: 0, pageLoad: 300000, script: 30000}, unhandledPromptBehavior: dismiss and notify, webauthn:virtualAuthenticators: true}
Session ID: 95a22f746f8b33ac8a593ae9cc8736ad
*** Element info: {Using=xpath, value=//span[@class='title'][.='Users']}


	at java.base/jdk.internal.reflect.NativeConstructorAccessorImpl.newInstance0(Native Method)


	at java.base/jdk.internal.reflect.NativeConstructorAccessorImpl.newInstance(NativeConstructorAccessorImpl.java:62)


	at java.base/jdk.internal.reflect.DelegatingConstructorAccessorImpl.newInstance(DelegatingConstructorAccessorImpl.java:45)


	at java.base/java.lang.reflect.Constructor.newInstanceWithCaller(Constructor.java:500)


	at java.base/java.lang.reflect.Constructor.newInstance(Constructor.java:481)


	at org.openqa.selenium.remote.http.W3CHttpResponseCodec.createException(W3CHttpResponseCodec.java:187)


	at org.openqa.selenium.remote.http.W3CHttpResponseCodec.decode(W3CHttpResponseCodec.java:122)


	at org.openqa.selenium.remote.http.W3CHttpResponseCodec.decode(W3CHttpResponseCodec.java:49)


	at org.openqa.selenium.remote.HttpCommandExecutor.execute(HttpCommandExecutor.java:158)


	at org.openqa.selenium.remote.service.DriverCommandExecutor.execute(DriverCommandExecutor.java:83)


	at org.openqa.selenium.remote.RemoteWebDriver.execute(RemoteWebDriver.java:552)


	at org.openqa.selenium.remote.RemoteWebDriver.findElement(RemoteWebDriver.java:323)


	at org.openqa.selenium.remote.RemoteWebDriver.findElementByXPath(RemoteWebDriver.java:428)


	at org.openqa.selenium.By$ByXPath.findElement(By.java:353)


	at org.openqa.selenium.remote.RemoteWebDriver.findElement(RemoteWebDriver.java:315)


	at org.openqa.selenium.support.pagefactory.DefaultElementLocator.findElement(DefaultElementLocator.java:69)


	at org.openqa.selenium.support.pagefactory.internal.LocatingElementHandler.invoke(LocatingElementHandler.java:38)


	at com.sun.proxy.$Proxy19.click(Unknown Source)


	at com.cybertek.library.step_definitions.PageNavigationStepDefs.i_click_on_link(PageNavigationStepDefs.java:25)


	at ✽.I click on "Users" link(file:///Users/tahimna/IdeaProjects/fall2019cucumberproject/src/test/resources/features/PageNavigation2.feature:9)




org.openqa.selenium.TimeoutException: Expected condition failed: waiting for url to contain "dashboard". Current url: "http://library2.cybertekschool.com/login.html" (tried for 5 second(s) with 500 milliseconds interval)
Build info: version: '3.141.59', revision: 'e82be7d358', time: '2018-11-14T08:17:03'
System info: host: 'Tahminas-MacBook-Air.local', ip: '2601:140:f:7354:a95e:112f:cc08:7dde%en0', os.name: 'Mac OS X', os.arch: 'x86_64', os.version: '10.15.3', java.version: '12.0.2'
Driver info: org.openqa.selenium.chrome.ChromeDriver
Capabilities {acceptInsecureCerts: false, browserName: chrome, browserVersion: 81.0.4044.129, chrome: {chromedriverVersion: 81.0.4044.69 (6813546031a4b..., userDataDir: /var/folders/0l/sj8l7z5n16l...}, goog:chromeOptions: {debuggerAddress: localhost:64583}, javascriptEnabled: true, networkConnectionEnabled: false, pageLoadStrategy: normal, platform: MAC, platformName: MAC, proxy: Proxy(), setWindowRect: true, strictFileInteractability: false, timeouts: {implicit: 0, pageLoad: 300000, script: 30000}, unhandledPromptBehavior: dismiss and notify, webauthn:virtualAuthenticators: true}
Session ID: 95a22f746f8b33ac8a593ae9cc8736ad


	at org.openqa.selenium.support.ui.WebDriverWait.timeoutException(WebDriverWait.java:95)


	at org.openqa.selenium.support.ui.FluentWait.until(FluentWait.java:272)


	at com.cybertek.library.step_definitions.LoginStepDefs.dashboard_should_be_displayed(LoginStepDefs.java:42)


	at ✽.dashboard should be displayed(file:///Users/tahimna/IdeaProjects/fall2019cucumberproject/src/test/resources/features/Login.feature:9)




org.openqa.selenium.NoSuchWindowException: no such window: target window already closed
from unknown error: web view not found
  (Session info: chrome=81.0.4044.129)
Build info: version: '3.141.59', revision: 'e82be7d358', time: '2018-11-14T08:17:03'
System info: host: 'Tahminas-MacBook-Air.local', ip: '2601:140:f:7354:a95e:112f:cc08:7dde%en0', os.name: 'Mac OS X', os.arch: 'x86_64', os.version: '10.15.3', java.version: '12.0.2'
Driver info: org.openqa.selenium.chrome.ChromeDriver
Capabilities {acceptInsecureCerts: false, browserName: chrome, browserVersion: 81.0.4044.129, chrome: {chromedriverVersion: 81.0.4044.69 (6813546031a4b..., userDataDir: /var/folders/0l/sj8l7z5n16l...}, goog:chromeOptions: {debuggerAddress: localhost:64628}, javascriptEnabled: true, networkConnectionEnabled: false, pageLoadStrategy: normal, platform: MAC, platformName: MAC, proxy: Proxy(), setWindowRect: true, strictFileInteractability: false, timeouts: {implicit: 0, pageLoad: 300000, script: 30000}, unhandledPromptBehavior: dismiss and notify, webauthn:virtualAuthenticators: true}
Session ID: 2260130346515444c0464f0e54913777


	at java.base/jdk.internal.reflect.NativeConstructorAccessorImpl.newInstance0(Native Method)


	at java.base/jdk.internal.reflect.NativeConstructorAccessorImpl.newInstance(NativeConstructorAccessorImpl.java:62)


	at java.base/jdk.internal.reflect.DelegatingConstructorAccessorImpl.newInstance(DelegatingConstructorAccessorImpl.java:45)


	at java.base/java.lang.reflect.Constructor.newInstanceWithCaller(Constructor.java:500)


	at java.base/java.lang.reflect.Constructor.newInstance(Constructor.java:481)


	at org.openqa.selenium.remote.http.W3CHttpResponseCodec.createException(W3CHttpResponseCodec.java:187)


	at org.openqa.selenium.remote.http.W3CHttpResponseCodec.decode(W3CHttpResponseCodec.java:122)


	at org.openqa.selenium.remote.http.W3CHttpResponseCodec.decode(W3CHttpResponseCodec.java:49)


	at org.openqa.selenium.remote.HttpCommandExecutor.execute(HttpCommandExecutor.java:158)


	at org.openqa.selenium.remote.service.DriverCommandExecutor.execute(DriverCommandExecutor.java:83)


	at org.openqa.selenium.remote.RemoteWebDriver.execute(RemoteWebDriver.java:552)


	at org.openqa.selenium.remote.RemoteWebDriver.get(RemoteWebDriver.java:277)


	at com.cybertek.library.step_definitions.LoginStepDefs.i_am_on_the_login_page(LoginStepDefs.java:25)


	at ✽.I am on the login page(file:///Users/tahimna/IdeaProjects/fall2019cucumberproject/src/test/resources/features/PageNavigation2.feature:4)




org.openqa.selenium.NoSuchWindowException: no such window: target window already closed
from unknown error: web view not found
  (Session info: chrome=81.0.4044.129)
Build info: version: '3.141.59', revision: 'e82be7d358', time: '2018-11-14T08:17:03'
System info: host: 'Tahminas-MacBook-Air.local', ip: '2601:140:f:7354:a95e:112f:cc08:7dde%en0', os.name: 'Mac OS X', os.arch: 'x86_64', os.version: '10.15.3', java.version: '12.0.2'
Driver info: org.openqa.selenium.chrome.ChromeDriver
Capabilities {acceptInsecureCerts: false, browserName: chrome, browserVersion: 81.0.4044.129, chrome: {chromedriverVersion: 81.0.4044.69 (6813546031a4b..., userDataDir: /var/folders/0l/sj8l7z5n16l...}, goog:chromeOptions: {debuggerAddress: localhost:64628}, javascriptEnabled: true, networkConnectionEnabled: false, pageLoadStrategy: normal, platform: MAC, platformName: MAC, proxy: Proxy(), setWindowRect: true, strictFileInteractability: false, timeouts: {implicit: 0, pageLoad: 300000, script: 30000}, unhandledPromptBehavior: dismiss and notify, webauthn:virtualAuthenticators: true}
Session ID: 2260130346515444c0464f0e54913777


	at java.base/jdk.internal.reflect.NativeConstructorAccessorImpl.newInstance0(Native Method)


	at java.base/jdk.internal.reflect.NativeConstructorAccessorImpl.newInstance(NativeConstructorAccessorImpl.java:62)


	at java.base/jdk.internal.reflect.DelegatingConstructorAccessorImpl.newInstance(DelegatingConstructorAccessorImpl.java:45)


	at java.base/java.lang.reflect.Constructor.newInstanceWithCaller(Constructor.java:500)


	at java.base/java.lang.reflect.Constructor.newInstance(Constructor.java:481)


	at org.openqa.selenium.remote.http.W3CHttpResponseCodec.createException(W3CHttpResponseCodec.java:187)


	at org.openqa.selenium.remote.http.W3CHttpResponseCodec.decode(W3CHttpResponseCodec.java:122)


	at org.openqa.selenium.remote.http.W3CHttpResponseCodec.decode(W3CHttpResponseCodec.java:49)


	at org.openqa.selenium.remote.HttpCommandExecutor.execute(HttpCommandExecutor.java:158)


	at org.openqa.selenium.remote.service.DriverCommandExecutor.execute(DriverCommandExecutor.java:83)


	at org.openqa.selenium.remote.RemoteWebDriver.execute(RemoteWebDriver.java:552)


	at org.openqa.selenium.remote.RemoteWebDriver.execute(RemoteWebDriver.java:609)


	at org.openqa.selenium.remote.RemoteWebDriver$RemoteWebDriverOptions$RemoteWindow.fullscreen(RemoteWebDriver.java:841)


	at com.cybertek.library.step_definitions.LoginStepDefs.i_am_on_the_login_page(LoginStepDefs.java:26)


	at ✽.I am on the login page(file:///Users/tahimna/IdeaProjects/fall2019cucumberproject/src/test/resources/features/Login.feature:13)




org.openqa.selenium.NoSuchWindowException: no such window: target window already closed
from unknown error: web view not found
  (Session info: chrome=81.0.4044.129)
Build info: version: '3.141.59', revision: 'e82be7d358', time: '2018-11-14T08:17:03'
System info: host: 'Tahminas-MacBook-Air.local', ip: '2601:140:f:7354:a95e:112f:cc08:7dde%en0', os.name: 'Mac OS X', os.arch: 'x86_64', os.version: '10.15.3', java.version: '12.0.2'
Driver info: org.openqa.selenium.chrome.ChromeDriver
Capabilities {acceptInsecureCerts: false, browserName: chrome, browserVersion: 81.0.4044.129, chrome: {chromedriverVersion: 81.0.4044.69 (6813546031a4b..., userDataDir: /var/folders/0l/sj8l7z5n16l...}, goog:chromeOptions: {debuggerAddress: localhost:64628}, javascriptEnabled: true, networkConnectionEnabled: false, pageLoadStrategy: normal, platform: MAC, platformName: MAC, proxy: Proxy(), setWindowRect: true, strictFileInteractability: false, timeouts: {implicit: 0, pageLoad: 300000, script: 30000}, unhandledPromptBehavior: dismiss and notify, webauthn:virtualAuthenticators: true}
Session ID: 2260130346515444c0464f0e54913777


	at java.base/jdk.internal.reflect.NativeConstructorAccessorImpl.newInstance0(Native Method)


	at java.base/jdk.internal.reflect.NativeConstructorAccessorImpl.newInstance(NativeConstructorAccessorImpl.java:62)


	at java.base/jdk.internal.reflect.DelegatingConstructorAccessorImpl.newInstance(DelegatingConstructorAccessorImpl.java:45)


	at java.base/java.lang.reflect.Constructor.newInstanceWithCaller(Constructor.java:500)


	at java.base/java.lang.reflect.Constructor.newInstance(Constructor.java:481)


	at org.openqa.selenium.remote.http.W3CHttpResponseCodec.createException(W3CHttpResponseCodec.java:187)


	at org.openqa.selenium.remote.http.W3CHttpResponseCodec.decode(W3CHttpResponseCodec.java:122)


	at org.openqa.selenium.remote.http.W3CHttpResponseCodec.decode(W3CHttpResponseCodec.java:49)


	at org.openqa.selenium.remote.HttpCommandExecutor.execute(HttpCommandExecutor.java:158)


	at org.openqa.selenium.remote.service.DriverCommandExecutor.execute(DriverCommandExecutor.java:83)


	at org.openqa.selenium.remote.RemoteWebDriver.execute(RemoteWebDriver.java:552)


	at org.openqa.selenium.remote.RemoteWebDriver.execute(RemoteWebDriver.java:609)


	at org.openqa.selenium.remote.RemoteWebDriver.getScreenshotAs(RemoteWebDriver.java:295)


	at com.cybertek.library.step_definitions.Hooks.tearDownScenario(Hooks.java:31)




org.openqa.selenium.NoSuchWindowException: no such window: target window already closed
from unknown error: web view not found
  (Session info: chrome=81.0.4044.129)
Build info: version: '3.141.59', revision: 'e82be7d358', time: '2018-11-14T08:17:03'
System info: host: 'Tahminas-MacBook-Air.local', ip: '2601:140:f:7354:a95e:112f:cc08:7dde%en0', os.name: 'Mac OS X', os.arch: 'x86_64', os.version: '10.15.3', java.version: '12.0.2'
Driver info: org.openqa.selenium.chrome.ChromeDriver
Capabilities {acceptInsecureCerts: false, browserName: chrome, browserVersion: 81.0.4044.129, chrome: {chromedriverVersion: 81.0.4044.69 (6813546031a4b..., userDataDir: /var/folders/0l/sj8l7z5n16l...}, goog:chromeOptions: {debuggerAddress: localhost:64628}, javascriptEnabled: true, networkConnectionEnabled: false, pageLoadStrategy: normal, platform: MAC, platformName: MAC, proxy: Proxy(), setWindowRect: true, strictFileInteractability: false, timeouts: {implicit: 0, pageLoad: 300000, script: 30000}, unhandledPromptBehavior: dismiss and notify, webauthn:virtualAuthenticators: true}
Session ID: 2260130346515444c0464f0e54913777


	at java.base/jdk.internal.reflect.NativeConstructorAccessorImpl.newInstance0(Native Method)


	at java.base/jdk.internal.reflect.NativeConstructorAccessorImpl.newInstance(NativeConstructorAccessorImpl.java:62)


	at java.base/jdk.internal.reflect.DelegatingConstructorAccessorImpl.newInstance(DelegatingConstructorAccessorImpl.java:45)


	at java.base/java.lang.reflect.Constructor.newInstanceWithCaller(Constructor.java:500)


	at java.base/java.lang.reflect.Constructor.newInstance(Constructor.java:481)


	at org.openqa.selenium.remote.http.W3CHttpResponseCodec.createException(W3CHttpResponseCodec.java:187)


	at org.openqa.selenium.remote.http.W3CHttpResponseCodec.decode(W3CHttpResponseCodec.java:122)


	at org.openqa.selenium.remote.http.W3CHttpResponseCodec.decode(W3CHttpResponseCodec.java:49)


	at org.openqa.selenium.remote.HttpCommandExecutor.execute(HttpCommandExecutor.java:158)


	at org.openqa.selenium.remote.service.DriverCommandExecutor.execute(DriverCommandExecutor.java:83)


	at org.openqa.selenium.remote.RemoteWebDriver.execute(RemoteWebDriver.java:552)


	at org.openqa.selenium.remote.RemoteWebDriver.execute(RemoteWebDriver.java:609)


	at org.openqa.selenium.remote.RemoteWebDriver.getScreenshotAs(RemoteWebDriver.java:295)


	at com.cybertek.library.step_definitions.Hooks.tearDownScenario(Hooks.java:31)




org.openqa.selenium.NoSuchWindowException: no such window: target window already closed
from unknown error: web view not found
  (Session info: chrome=81.0.4044.129)
Build info: version: '3.141.59', revision: 'e82be7d358', time: '2018-11-14T08:17:03'
System info: host: 'Tahminas-MacBook-Air.local', ip: '2601:140:f:7354:a95e:112f:cc08:7dde%en0', os.name: 'Mac OS X', os.arch: 'x86_64', os.version: '10.15.3', java.version: '12.0.2'
Driver info: org.openqa.selenium.chrome.ChromeDriver
Capabilities {acceptInsecureCerts: false, browserName: chrome, browserVersion: 81.0.4044.129, chrome: {chromedriverVersion: 81.0.4044.69 (6813546031a4b..., userDataDir: /var/folders/0l/sj8l7z5n16l...}, goog:chromeOptions: {debuggerAddress: localhost:64628}, javascriptEnabled: true, networkConnectionEnabled: false, pageLoadStrategy: normal, platform: MAC, platformName: MAC, proxy: Proxy(), setWindowRect: true, strictFileInteractability: false, timeouts: {implicit: 0, pageLoad: 300000, script: 30000}, unhandledPromptBehavior: dismiss and notify, webauthn:virtualAuthenticators: true}
Session ID: 2260130346515444c0464f0e54913777


	at java.base/jdk.internal.reflect.NativeConstructorAccessorImpl.newInstance0(Native Method)


	at java.base/jdk.internal.reflect.NativeConstructorAccessorImpl.newInstance(NativeConstructorAccessorImpl.java:62)


	at java.base/jdk.internal.reflect.DelegatingConstructorAccessorImpl.newInstance(DelegatingConstructorAccessorImpl.java:45)


	at java.base/java.lang.reflect.Constructor.newInstanceWithCaller(Constructor.java:500)


	at java.base/java.lang.reflect.Constructor.newInstance(Constructor.java:481)


	at org.openqa.selenium.remote.http.W3CHttpResponseCodec.createException(W3CHttpResponseCodec.java:187)


	at org.openqa.selenium.remote.http.W3CHttpResponseCodec.decode(W3CHttpResponseCodec.java:122)


	at org.openqa.selenium.remote.http.W3CHttpResponseCodec.decode(W3CHttpResponseCodec.java:49)


	at org.openqa.selenium.remote.HttpCommandExecutor.execute(HttpCommandExecutor.java:158)


	at org.openqa.selenium.remote.service.DriverCommandExecutor.execute(DriverCommandExecutor.java:83)


	at org.openqa.selenium.remote.RemoteWebDriver.execute(RemoteWebDriver.java:552)


	at org.openqa.selenium.remote.RemoteWebDriver.execute(RemoteWebDriver.java:609)


	at org.openqa.selenium.remote.RemoteWebDriver$RemoteWebDriverOptions$RemoteWindow.fullscreen(RemoteWebDriver.java:841)


	at com.cybertek.library.step_definitions.LoginStepDefs.i_am_on_the_login_page(LoginStepDefs.java:26)


	at ✽.I am on the login page(file:///Users/tahimna/IdeaProjects/fall2019cucumberproject/src/test/resources/features/ShowRecords.feature:5)




org.openqa.selenium.NoSuchWindowException: no such window: target window already closed
from unknown error: web view not found
  (Session info: chrome=81.0.4044.129)
Build info: version: '3.141.59', revision: 'e82be7d358', time: '2018-11-14T08:17:03'
System info: host: 'Tahminas-MacBook-Air.local', ip: '2601:140:f:7354:a95e:112f:cc08:7dde%en0', os.name: 'Mac OS X', os.arch: 'x86_64', os.version: '10.15.3', java.version: '12.0.2'
Driver info: org.openqa.selenium.chrome.ChromeDriver
Capabilities {acceptInsecureCerts: false, browserName: chrome, browserVersion: 81.0.4044.129, chrome: {chromedriverVersion: 81.0.4044.69 (6813546031a4b..., userDataDir: /var/folders/0l/sj8l7z5n16l...}, goog:chromeOptions: {debuggerAddress: localhost:64628}, javascriptEnabled: true, networkConnectionEnabled: false, pageLoadStrategy: normal, platform: MAC, platformName: MAC, proxy: Proxy(), setWindowRect: true, strictFileInteractability: false, timeouts: {implicit: 0, pageLoad: 300000, script: 30000}, unhandledPromptBehavior: dismiss and notify, webauthn:virtualAuthenticators: true}
Session ID: 2260130346515444c0464f0e54913777


	at java.base/jdk.internal.reflect.NativeConstructorAccessorImpl.newInstance0(Native Method)


	at java.base/jdk.internal.reflect.NativeConstructorAccessorImpl.newInstance(NativeConstructorAccessorImpl.java:62)


	at java.base/jdk.internal.reflect.DelegatingConstructorAccessorImpl.newInstance(DelegatingConstructorAccessorImpl.java:45)


	at java.base/java.lang.reflect.Constructor.newInstanceWithCaller(Constructor.java:500)


	at java.base/java.lang.reflect.Constructor.newInstance(Constructor.java:481)


	at org.openqa.selenium.remote.http.W3CHttpResponseCodec.createException(W3CHttpResponseCodec.java:187)


	at org.openqa.selenium.remote.http.W3CHttpResponseCodec.decode(W3CHttpResponseCodec.java:122)


	at org.openqa.selenium.remote.http.W3CHttpResponseCodec.decode(W3CHttpResponseCodec.java:49)


	at org.openqa.selenium.remote.HttpCommandExecutor.execute(HttpCommandExecutor.java:158)


	at org.openqa.selenium.remote.service.DriverCommandExecutor.execute(DriverCommandExecutor.java:83)


	at org.openqa.selenium.remote.RemoteWebDriver.execute(RemoteWebDriver.java:552)


	at org.openqa.selenium.remote.RemoteWebDriver.execute(RemoteWebDriver.java:609)


	at org.openqa.selenium.remote.RemoteWebDriver.getScreenshotAs(RemoteWebDriver.java:295)


	at com.cybertek.library.step_definitions.Hooks.tearDownScenario(Hooks.java:31)




org.openqa.selenium.NoSuchWindowException: no such window: target window already closed
from unknown error: web view not found
  (Session info: chrome=81.0.4044.129)
Build info: version: '3.141.59', revision: 'e82be7d358', time: '2018-11-14T08:17:03'
System info: host: 'Tahminas-MacBook-Air.local', ip: '2601:140:f:7354:a95e:112f:cc08:7dde%en0', os.name: 'Mac OS X', os.arch: 'x86_64', os.version: '10.15.3', java.version: '12.0.2'
Driver info: org.openqa.selenium.chrome.ChromeDriver
Capabilities {acceptInsecureCerts: false, browserName: chrome, browserVersion: 81.0.4044.129, chrome: {chromedriverVersion: 81.0.4044.69 (6813546031a4b..., userDataDir: /var/folders/0l/sj8l7z5n16l...}, goog:chromeOptions: {debuggerAddress: localhost:64628}, javascriptEnabled: true, networkConnectionEnabled: false, pageLoadStrategy: normal, platform: MAC, platformName: MAC, proxy: Proxy(), setWindowRect: true, strictFileInteractability: false, timeouts: {implicit: 0, pageLoad: 300000, script: 30000}, unhandledPromptBehavior: dismiss and notify, webauthn:virtualAuthenticators: true}
Session ID: 2260130346515444c0464f0e54913777


	at java.base/jdk.internal.reflect.NativeConstructorAccessorImpl.newInstance0(Native Method)


	at java.base/jdk.internal.reflect.NativeConstructorAccessorImpl.newInstance(NativeConstructorAccessorImpl.java:62)


	at java.base/jdk.internal.reflect.DelegatingConstructorAccessorImpl.newInstance(DelegatingConstructorAccessorImpl.java:45)


	at java.base/java.lang.reflect.Constructor.newInstanceWithCaller(Constructor.java:500)


	at java.base/java.lang.reflect.Constructor.newInstance(Constructor.java:481)


	at org.openqa.selenium.remote.http.W3CHttpResponseCodec.createException(W3CHttpResponseCodec.java:187)


	at org.openqa.selenium.remote.http.W3CHttpResponseCodec.decode(W3CHttpResponseCodec.java:122)


	at org.openqa.selenium.remote.http.W3CHttpResponseCodec.decode(W3CHttpResponseCodec.java:49)


	at org.openqa.selenium.remote.HttpCommandExecutor.execute(HttpCommandExecutor.java:158)


	at org.openqa.selenium.remote.service.DriverCommandExecutor.execute(DriverCommandExecutor.java:83)


	at org.openqa.selenium.remote.RemoteWebDriver.execute(RemoteWebDriver.java:552)


	at org.openqa.selenium.remote.RemoteWebDriver.get(RemoteWebDriver.java:277)


	at com.cybertek.library.step_definitions.LoginStepDefs.i_am_on_the_login_page(LoginStepDefs.java:25)


	at ✽.I am on the login page(file:///Users/tahimna/IdeaProjects/fall2019cucumberproject/src/test/resources/features/PageNavigation2.feature:4)




org.openqa.selenium.NoSuchWindowException: no such window: target window already closed
from unknown error: web view not found
  (Session info: chrome=81.0.4044.129)
Build info: version: '3.141.59', revision: 'e82be7d358', time: '2018-11-14T08:17:03'
System info: host: 'Tahminas-MacBook-Air.local', ip: '2601:140:f:7354:a95e:112f:cc08:7dde%en0', os.name: 'Mac OS X', os.arch: 'x86_64', os.version: '10.15.3', java.version: '12.0.2'
Driver info: org.openqa.selenium.chrome.ChromeDriver
Capabilities {acceptInsecureCerts: false, browserName: chrome, browserVersion: 81.0.4044.129, chrome: {chromedriverVersion: 81.0.4044.69 (6813546031a4b..., userDataDir: /var/folders/0l/sj8l7z5n16l...}, goog:chromeOptions: {debuggerAddress: localhost:64628}, javascriptEnabled: true, networkConnectionEnabled: false, pageLoadStrategy: normal, platform: MAC, platformName: MAC, proxy: Proxy(), setWindowRect: true, strictFileInteractability: false, timeouts: {implicit: 0, pageLoad: 300000, script: 30000}, unhandledPromptBehavior: dismiss and notify, webauthn:virtualAuthenticators: true}
Session ID: 2260130346515444c0464f0e54913777


	at java.base/jdk.internal.reflect.NativeConstructorAccessorImpl.newInstance0(Native Method)


	at java.base/jdk.internal.reflect.NativeConstructorAccessorImpl.newInstance(NativeConstructorAccessorImpl.java:62)


	at java.base/jdk.internal.reflect.DelegatingConstructorAccessorImpl.newInstance(DelegatingConstructorAccessorImpl.java:45)


	at java.base/java.lang.reflect.Constructor.newInstanceWithCaller(Constructor.java:500)


	at java.base/java.lang.reflect.Constructor.newInstance(Constructor.java:481)


	at org.openqa.selenium.remote.http.W3CHttpResponseCodec.createException(W3CHttpResponseCodec.java:187)


	at org.openqa.selenium.remote.http.W3CHttpResponseCodec.decode(W3CHttpResponseCodec.java:122)


	at org.openqa.selenium.remote.http.W3CHttpResponseCodec.decode(W3CHttpResponseCodec.java:49)


	at org.openqa.selenium.remote.HttpCommandExecutor.execute(HttpCommandExecutor.java:158)


	at org.openqa.selenium.remote.service.DriverCommandExecutor.execute(DriverCommandExecutor.java:83)


	at org.openqa.selenium.remote.RemoteWebDriver.execute(RemoteWebDriver.java:552)


	at org.openqa.selenium.remote.RemoteWebDriver.get(RemoteWebDriver.java:277)


	at com.cybertek.library.step_definitions.LoginStepDefs.i_am_on_the_login_page(LoginStepDefs.java:25)


	at ✽.I am on the login page(file:///Users/tahimna/IdeaProjects/fall2019cucumberproject/src/test/resources/features/Login.feature:19)




org.openqa.selenium.NoSuchWindowException: no such window: target window already closed
from unknown error: web view not found
  (Session info: chrome=81.0.4044.129)
Build info: version: '3.141.59', revision: 'e82be7d358', time: '2018-11-14T08:17:03'
System info: host: 'Tahminas-MacBook-Air.local', ip: '2601:140:f:7354:a95e:112f:cc08:7dde%en0', os.name: 'Mac OS X', os.arch: 'x86_64', os.version: '10.15.3', java.version: '12.0.2'
Driver info: org.openqa.selenium.chrome.ChromeDriver
Capabilities {acceptInsecureCerts: false, browserName: chrome, browserVersion: 81.0.4044.129, chrome: {chromedriverVersion: 81.0.4044.69 (6813546031a4b..., userDataDir: /var/folders/0l/sj8l7z5n16l...}, goog:chromeOptions: {debuggerAddress: localhost:64628}, javascriptEnabled: true, networkConnectionEnabled: false, pageLoadStrategy: normal, platform: MAC, platformName: MAC, proxy: Proxy(), setWindowRect: true, strictFileInteractability: false, timeouts: {implicit: 0, pageLoad: 300000, script: 30000}, unhandledPromptBehavior: dismiss and notify, webauthn:virtualAuthenticators: true}
Session ID: 2260130346515444c0464f0e54913777


	at java.base/jdk.internal.reflect.NativeConstructorAccessorImpl.newInstance0(Native Method)


	at java.base/jdk.internal.reflect.NativeConstructorAccessorImpl.newInstance(NativeConstructorAccessorImpl.java:62)


	at java.base/jdk.internal.reflect.DelegatingConstructorAccessorImpl.newInstance(DelegatingConstructorAccessorImpl.java:45)


	at java.base/java.lang.reflect.Constructor.newInstanceWithCaller(Constructor.java:500)


	at java.base/java.lang.reflect.Constructor.newInstance(Constructor.java:481)


	at org.openqa.selenium.remote.http.W3CHttpResponseCodec.createException(W3CHttpResponseCodec.java:187)


	at org.openqa.selenium.remote.http.W3CHttpResponseCodec.decode(W3CHttpResponseCodec.java:122)


	at org.openqa.selenium.remote.http.W3CHttpResponseCodec.decode(W3CHttpResponseCodec.java:49)


	at org.openqa.selenium.remote.HttpCommandExecutor.execute(HttpCommandExecutor.java:158)


	at org.openqa.selenium.remote.service.DriverCommandExecutor.execute(DriverCommandExecutor.java:83)


	at org.openqa.selenium.remote.RemoteWebDriver.execute(RemoteWebDriver.java:552)


	at org.openqa.selenium.remote.RemoteWebDriver.execute(RemoteWebDriver.java:609)


	at org.openqa.selenium.remote.RemoteWebDriver.getScreenshotAs(RemoteWebDriver.java:295)


	at com.cybertek.library.step_definitions.Hooks.tearDownScenario(Hooks.java:31)




org.openqa.selenium.NoSuchWindowException: no such window: target window already closed
from unknown error: web view not found
  (Session info: chrome=81.0.4044.129)
Build info: version: '3.141.59', revision: 'e82be7d358', time: '2018-11-14T08:17:03'
System info: host: 'Tahminas-MacBook-Air.local', ip: '2601:140:f:7354:a95e:112f:cc08:7dde%en0', os.name: 'Mac OS X', os.arch: 'x86_64', os.version: '10.15.3', java.version: '12.0.2'
Driver info: org.openqa.selenium.chrome.ChromeDriver
Capabilities {acceptInsecureCerts: false, browserName: chrome, browserVersion: 81.0.4044.129, chrome: {chromedriverVersion: 81.0.4044.69 (6813546031a4b..., userDataDir: /var/folders/0l/sj8l7z5n16l...}, goog:chromeOptions: {debuggerAddress: localhost:64628}, javascriptEnabled: true, networkConnectionEnabled: false, pageLoadStrategy: normal, platform: MAC, platformName: MAC, proxy: Proxy(), setWindowRect: true, strictFileInteractability: false, timeouts: {implicit: 0, pageLoad: 300000, script: 30000}, unhandledPromptBehavior: dismiss and notify, webauthn:virtualAuthenticators: true}
Session ID: 2260130346515444c0464f0e54913777


	at java.base/jdk.internal.reflect.NativeConstructorAccessorImpl.newInstance0(Native Method)


	at java.base/jdk.internal.reflect.NativeConstructorAccessorImpl.newInstance(NativeConstructorAccessorImpl.java:62)


	at java.base/jdk.internal.reflect.DelegatingConstructorAccessorImpl.newInstance(DelegatingConstructorAccessorImpl.java:45)


	at java.base/java.lang.reflect.Constructor.newInstanceWithCaller(Constructor.java:500)


	at java.base/java.lang.reflect.Constructor.newInstance(Constructor.java:481)


	at org.openqa.selenium.remote.http.W3CHttpResponseCodec.createException(W3CHttpResponseCodec.java:187)


	at org.openqa.selenium.remote.http.W3CHttpResponseCodec.decode(W3CHttpResponseCodec.java:122)


	at org.openqa.selenium.remote.http.W3CHttpResponseCodec.decode(W3CHttpResponseCodec.java:49)


	at org.openqa.selenium.remote.HttpCommandExecutor.execute(HttpCommandExecutor.java:158)


	at org.openqa.selenium.remote.service.DriverCommandExecutor.execute(DriverCommandExecutor.java:83)


	at org.openqa.selenium.remote.RemoteWebDriver.execute(RemoteWebDriver.java:552)


	at org.openqa.selenium.remote.RemoteWebDriver.execute(RemoteWebDriver.java:609)


	at org.openqa.selenium.remote.RemoteWebDriver.getScreenshotAs(RemoteWebDriver.java:295)


	at com.cybertek.library.step_definitions.Hooks.tearDownScenario(Hooks.java:31)




org.openqa.selenium.NoSuchWindowException: no such window: target window already closed
from unknown error: web view not found
  (Session info: chrome=81.0.4044.129)
Build info: version: '3.141.59', revision: 'e82be7d358', time: '2018-11-14T08:17:03'
System info: host: 'Tahminas-MacBook-Air.local', ip: '2601:140:f:7354:a95e:112f:cc08:7dde%en0', os.name: 'Mac OS X', os.arch: 'x86_64', os.version: '10.15.3', java.version: '12.0.2'
Driver info: org.openqa.selenium.chrome.ChromeDriver
Capabilities {acceptInsecureCerts: false, browserName: chrome, browserVersion: 81.0.4044.129, chrome: {chromedriverVersion: 81.0.4044.69 (6813546031a4b..., userDataDir: /var/folders/0l/sj8l7z5n16l...}, goog:chromeOptions: {debuggerAddress: localhost:64628}, javascriptEnabled: true, networkConnectionEnabled: false, pageLoadStrategy: normal, platform: MAC, platformName: MAC, proxy: Proxy(), setWindowRect: true, strictFileInteractability: false, timeouts: {implicit: 0, pageLoad: 300000, script: 30000}, unhandledPromptBehavior: dismiss and notify, webauthn:virtualAuthenticators: true}
Session ID: 2260130346515444c0464f0e54913777


	at java.base/jdk.internal.reflect.NativeConstructorAccessorImpl.newInstance0(Native Method)


	at java.base/jdk.internal.reflect.NativeConstructorAccessorImpl.newInstance(NativeConstructorAccessorImpl.java:62)


	at java.base/jdk.internal.reflect.DelegatingConstructorAccessorImpl.newInstance(DelegatingConstructorAccessorImpl.java:45)


	at java.base/java.lang.reflect.Constructor.newInstanceWithCaller(Constructor.java:500)


	at java.base/java.lang.reflect.Constructor.newInstance(Constructor.java:481)


	at org.openqa.selenium.remote.http.W3CHttpResponseCodec.createException(W3CHttpResponseCodec.java:187)


	at org.openqa.selenium.remote.http.W3CHttpResponseCodec.decode(W3CHttpResponseCodec.java:122)


	at org.openqa.selenium.remote.http.W3CHttpResponseCodec.decode(W3CHttpResponseCodec.java:49)


	at org.openqa.selenium.remote.HttpCommandExecutor.execute(HttpCommandExecutor.java:158)


	at org.openqa.selenium.remote.service.DriverCommandExecutor.execute(DriverCommandExecutor.java:83)


	at org.openqa.selenium.remote.RemoteWebDriver.execute(RemoteWebDriver.java:552)


	at org.openqa.selenium.remote.RemoteWebDriver.get(RemoteWebDriver.java:277)


	at com.cybertek.library.step_definitions.LoginStepDefs.i_am_on_the_login_page(LoginStepDefs.java:25)


	at ✽.I am on the login page(file:///Users/tahimna/IdeaProjects/fall2019cucumberproject/src/test/resources/features/ShowRecords.feature:5)




org.openqa.selenium.NoSuchWindowException: no such window: target window already closed
from unknown error: web view not found
  (Session info: chrome=81.0.4044.129)
Build info: version: '3.141.59', revision: 'e82be7d358', time: '2018-11-14T08:17:03'
System info: host: 'Tahminas-MacBook-Air.local', ip: '2601:140:f:7354:a95e:112f:cc08:7dde%en0', os.name: 'Mac OS X', os.arch: 'x86_64', os.version: '10.15.3', java.version: '12.0.2'
Driver info: org.openqa.selenium.chrome.ChromeDriver
Capabilities {acceptInsecureCerts: false, browserName: chrome, browserVersion: 81.0.4044.129, chrome: {chromedriverVersion: 81.0.4044.69 (6813546031a4b..., userDataDir: /var/folders/0l/sj8l7z5n16l...}, goog:chromeOptions: {debuggerAddress: localhost:64628}, javascriptEnabled: true, networkConnectionEnabled: false, pageLoadStrategy: normal, platform: MAC, platformName: MAC, proxy: Proxy(), setWindowRect: true, strictFileInteractability: false, timeouts: {implicit: 0, pageLoad: 300000, script: 30000}, unhandledPromptBehavior: dismiss and notify, webauthn:virtualAuthenticators: true}
Session ID: 2260130346515444c0464f0e54913777


	at java.base/jdk.internal.reflect.NativeConstructorAccessorImpl.newInstance0(Native Method)


	at java.base/jdk.internal.reflect.NativeConstructorAccessorImpl.newInstance(NativeConstructorAccessorImpl.java:62)


	at java.base/jdk.internal.reflect.DelegatingConstructorAccessorImpl.newInstance(DelegatingConstructorAccessorImpl.java:45)


	at java.base/java.lang.reflect.Constructor.newInstanceWithCaller(Constructor.java:500)


	at java.base/java.lang.reflect.Constructor.newInstance(Constructor.java:481)


	at org.openqa.selenium.remote.http.W3CHttpResponseCodec.createException(W3CHttpResponseCodec.java:187)


	at org.openqa.selenium.remote.http.W3CHttpResponseCodec.decode(W3CHttpResponseCodec.java:122)


	at org.openqa.selenium.remote.http.W3CHttpResponseCodec.decode(W3CHttpResponseCodec.java:49)


	at org.openqa.selenium.remote.HttpCommandExecutor.execute(HttpCommandExecutor.java:158)


	at org.openqa.selenium.remote.service.DriverCommandExecutor.execute(DriverCommandExecutor.java:83)


	at org.openqa.selenium.remote.RemoteWebDriver.execute(RemoteWebDriver.java:552)


	at org.openqa.selenium.remote.RemoteWebDriver.execute(RemoteWebDriver.java:609)


	at org.openqa.selenium.remote.RemoteWebDriver.getScreenshotAs(RemoteWebDriver.java:295)


	at com.cybertek.library.step_definitions.Hooks.tearDownScenario(Hooks.java:31)




org.openqa.selenium.NoSuchWindowException: no such window: target window already closed
from unknown error: web view not found
  (Session info: chrome=81.0.4044.129)
Build info: version: '3.141.59', revision: 'e82be7d358', time: '2018-11-14T08:17:03'
System info: host: 'Tahminas-MacBook-Air.local', ip: '2601:140:f:7354:a95e:112f:cc08:7dde%en0', os.name: 'Mac OS X', os.arch: 'x86_64', os.version: '10.15.3', java.version: '12.0.2'
Driver info: org.openqa.selenium.chrome.ChromeDriver
Capabilities {acceptInsecureCerts: false, browserName: chrome, browserVersion: 81.0.4044.129, chrome: {chromedriverVersion: 81.0.4044.69 (6813546031a4b..., userDataDir: /var/folders/0l/sj8l7z5n16l...}, goog:chromeOptions: {debuggerAddress: localhost:64628}, javascriptEnabled: true, networkConnectionEnabled: false, pageLoadStrategy: normal, platform: MAC, platformName: MAC, proxy: Proxy(), setWindowRect: true, strictFileInteractability: false, timeouts: {implicit: 0, pageLoad: 300000, script: 30000}, unhandledPromptBehavior: dismiss and notify, webauthn:virtualAuthenticators: true}
Session ID: 2260130346515444c0464f0e54913777


	at java.base/jdk.internal.reflect.NativeConstructorAccessorImpl.newInstance0(Native Method)


	at java.base/jdk.internal.reflect.NativeConstructorAccessorImpl.newInstance(NativeConstructorAccessorImpl.java:62)


	at java.base/jdk.internal.reflect.DelegatingConstructorAccessorImpl.newInstance(DelegatingConstructorAccessorImpl.java:45)


	at java.base/java.lang.reflect.Constructor.newInstanceWithCaller(Constructor.java:500)


	at java.base/java.lang.reflect.Constructor.newInstance(Constructor.java:481)


	at org.openqa.selenium.remote.http.W3CHttpResponseCodec.createException(W3CHttpResponseCodec.java:187)


	at org.openqa.selenium.remote.http.W3CHttpResponseCodec.decode(W3CHttpResponseCodec.java:122)


	at org.openqa.selenium.remote.http.W3CHttpResponseCodec.decode(W3CHttpResponseCodec.java:49)


	at org.openqa.selenium.remote.HttpCommandExecutor.execute(HttpCommandExecutor.java:158)


	at org.openqa.selenium.remote.service.DriverCommandExecutor.execute(DriverCommandExecutor.java:83)


	at org.openqa.selenium.remote.RemoteWebDriver.execute(RemoteWebDriver.java:552)


	at org.openqa.selenium.remote.RemoteWebDriver.get(RemoteWebDriver.java:277)


	at com.cybertek.library.step_definitions.LoginStepDefs.i_am_on_the_login_page(LoginStepDefs.java:25)


	at ✽.I am on the login page(file:///Users/tahimna/IdeaProjects/fall2019cucumberproject/src/test/resources/features/ShowRecords.feature:5)




org.openqa.selenium.NoSuchWindowException: no such window: target window already closed
from unknown error: web view not found
  (Session info: chrome=81.0.4044.129)
Build info: version: '3.141.59', revision: 'e82be7d358', time: '2018-11-14T08:17:03'
System info: host: 'Tahminas-MacBook-Air.local', ip: '2601:140:f:7354:a95e:112f:cc08:7dde%en0', os.name: 'Mac OS X', os.arch: 'x86_64', os.version: '10.15.3', java.version: '12.0.2'
Driver info: org.openqa.selenium.chrome.ChromeDriver
Capabilities {acceptInsecureCerts: false, browserName: chrome, browserVersion: 81.0.4044.129, chrome: {chromedriverVersion: 81.0.4044.69 (6813546031a4b..., userDataDir: /var/folders/0l/sj8l7z5n16l...}, goog:chromeOptions: {debuggerAddress: localhost:64628}, javascriptEnabled: true, networkConnectionEnabled: false, pageLoadStrategy: normal, platform: MAC, platformName: MAC, proxy: Proxy(), setWindowRect: true, strictFileInteractability: false, timeouts: {implicit: 0, pageLoad: 300000, script: 30000}, unhandledPromptBehavior: dismiss and notify, webauthn:virtualAuthenticators: true}
Session ID: 2260130346515444c0464f0e54913777


	at java.base/jdk.internal.reflect.NativeConstructorAccessorImpl.newInstance0(Native Method)


	at java.base/jdk.internal.reflect.NativeConstructorAccessorImpl.newInstance(NativeConstructorAccessorImpl.java:62)


	at java.base/jdk.internal.reflect.DelegatingConstructorAccessorImpl.newInstance(DelegatingConstructorAccessorImpl.java:45)


	at java.base/java.lang.reflect.Constructor.newInstanceWithCaller(Constructor.java:500)


	at java.base/java.lang.reflect.Constructor.newInstance(Constructor.java:481)


	at org.openqa.selenium.remote.http.W3CHttpResponseCodec.createException(W3CHttpResponseCodec.java:187)


	at org.openqa.selenium.remote.http.W3CHttpResponseCodec.decode(W3CHttpResponseCodec.java:122)


	at org.openqa.selenium.remote.http.W3CHttpResponseCodec.decode(W3CHttpResponseCodec.java:49)


	at org.openqa.selenium.remote.HttpCommandExecutor.execute(HttpCommandExecutor.java:158)


	at org.openqa.selenium.remote.service.DriverCommandExecutor.execute(DriverCommandExecutor.java:83)


	at org.openqa.selenium.remote.RemoteWebDriver.execute(RemoteWebDriver.java:552)


	at org.openqa.selenium.remote.RemoteWebDriver.execute(RemoteWebDriver.java:609)


	at org.openqa.selenium.remote.RemoteWebDriver.getScreenshotAs(RemoteWebDriver.java:295)


	at com.cybertek.library.step_definitions.Hooks.tearDownScenario(Hooks.java:31)




org.openqa.selenium.NoSuchWindowException: no such window: target window already closed
from unknown error: web view not found
  (Session info: chrome=81.0.4044.129)
Build info: version: '3.141.59', revision: 'e82be7d358', time: '2018-11-14T08:17:03'
System info: host: 'Tahminas-MacBook-Air.local', ip: '2601:140:f:7354:a95e:112f:cc08:7dde%en0', os.name: 'Mac OS X', os.arch: 'x86_64', os.version: '10.15.3', java.version: '12.0.2'
Driver info: org.openqa.selenium.chrome.ChromeDriver
Capabilities {acceptInsecureCerts: false, browserName: chrome, browserVersion: 81.0.4044.129, chrome: {chromedriverVersion: 81.0.4044.69 (6813546031a4b..., userDataDir: /var/folders/0l/sj8l7z5n16l...}, goog:chromeOptions: {debuggerAddress: localhost:64628}, javascriptEnabled: true, networkConnectionEnabled: false, pageLoadStrategy: normal, platform: MAC, platformName: MAC, proxy: Proxy(), setWindowRect: true, strictFileInteractability: false, timeouts: {implicit: 0, pageLoad: 300000, script: 30000}, unhandledPromptBehavior: dismiss and notify, webauthn:virtualAuthenticators: true}
Session ID: 2260130346515444c0464f0e54913777


	at java.base/jdk.internal.reflect.NativeConstructorAccessorImpl.newInstance0(Native Method)


	at java.base/jdk.internal.reflect.NativeConstructorAccessorImpl.newInstance(NativeConstructorAccessorImpl.java:62)


	at java.base/jdk.internal.reflect.DelegatingConstructorAccessorImpl.newInstance(DelegatingConstructorAccessorImpl.java:45)


	at java.base/java.lang.reflect.Constructor.newInstanceWithCaller(Constructor.java:500)


	at java.base/java.lang.reflect.Constructor.newInstance(Constructor.java:481)


	at org.openqa.selenium.remote.http.W3CHttpResponseCodec.createException(W3CHttpResponseCodec.java:187)


	at org.openqa.selenium.remote.http.W3CHttpResponseCodec.decode(W3CHttpResponseCodec.java:122)


	at org.openqa.selenium.remote.http.W3CHttpResponseCodec.decode(W3CHttpResponseCodec.java:49)


	at org.openqa.selenium.remote.HttpCommandExecutor.execute(HttpCommandExecutor.java:158)


	at org.openqa.selenium.remote.service.DriverCommandExecutor.execute(DriverCommandExecutor.java:83)


	at org.openqa.selenium.remote.RemoteWebDriver.execute(RemoteWebDriver.java:552)


	at org.openqa.selenium.remote.RemoteWebDriver.get(RemoteWebDriver.java:277)


	at com.cybertek.library.step_definitions.LoginStepDefs.i_am_on_the_login_page(LoginStepDefs.java:25)


	at ✽.I am on the login page(file:///Users/tahimna/IdeaProjects/fall2019cucumberproject/src/test/resources/features/ShowRecords.feature:5)




org.openqa.selenium.NoSuchWindowException: no such window: target window already closed
from unknown error: web view not found
  (Session info: chrome=81.0.4044.129)
Build info: version: '3.141.59', revision: 'e82be7d358', time: '2018-11-14T08:17:03'
System info: host: 'Tahminas-MacBook-Air.local', ip: '2601:140:f:7354:a95e:112f:cc08:7dde%en0', os.name: 'Mac OS X', os.arch: 'x86_64', os.version: '10.15.3', java.version: '12.0.2'
Driver info: org.openqa.selenium.chrome.ChromeDriver
Capabilities {acceptInsecureCerts: false, browserName: chrome, browserVersion: 81.0.4044.129, chrome: {chromedriverVersion: 81.0.4044.69 (6813546031a4b..., userDataDir: /var/folders/0l/sj8l7z5n16l...}, goog:chromeOptions: {debuggerAddress: localhost:64628}, javascriptEnabled: true, networkConnectionEnabled: false, pageLoadStrategy: normal, platform: MAC, platformName: MAC, proxy: Proxy(), setWindowRect: true, strictFileInteractability: false, timeouts: {implicit: 0, pageLoad: 300000, script: 30000}, unhandledPromptBehavior: dismiss and notify, webauthn:virtualAuthenticators: true}
Session ID: 2260130346515444c0464f0e54913777


	at java.base/jdk.internal.reflect.NativeConstructorAccessorImpl.newInstance0(Native Method)


	at java.base/jdk.internal.reflect.NativeConstructorAccessorImpl.newInstance(NativeConstructorAccessorImpl.java:62)


	at java.base/jdk.internal.reflect.DelegatingConstructorAccessorImpl.newInstance(DelegatingConstructorAccessorImpl.java:45)


	at java.base/java.lang.reflect.Constructor.newInstanceWithCaller(Constructor.java:500)


	at java.base/java.lang.reflect.Constructor.newInstance(Constructor.java:481)


	at org.openqa.selenium.remote.http.W3CHttpResponseCodec.createException(W3CHttpResponseCodec.java:187)


	at org.openqa.selenium.remote.http.W3CHttpResponseCodec.decode(W3CHttpResponseCodec.java:122)


	at org.openqa.selenium.remote.http.W3CHttpResponseCodec.decode(W3CHttpResponseCodec.java:49)


	at org.openqa.selenium.remote.HttpCommandExecutor.execute(HttpCommandExecutor.java:158)


	at org.openqa.selenium.remote.service.DriverCommandExecutor.execute(DriverCommandExecutor.java:83)


	at org.openqa.selenium.remote.RemoteWebDriver.execute(RemoteWebDriver.java:552)


	at org.openqa.selenium.remote.RemoteWebDriver.execute(RemoteWebDriver.java:609)


	at org.openqa.selenium.remote.RemoteWebDriver.getScreenshotAs(RemoteWebDriver.java:295)


	at com.cybertek.library.step_definitions.Hooks.tearDownScenario(Hooks.java:31)




org.openqa.selenium.NoSuchWindowException: no such window: target window already closed
from unknown error: web view not found
  (Session info: chrome=81.0.4044.129)
Build info: version: '3.141.59', revision: 'e82be7d358', time: '2018-11-14T08:17:03'
System info: host: 'Tahminas-MacBook-Air.local', ip: '2601:140:f:7354:a95e:112f:cc08:7dde%en0', os.name: 'Mac OS X', os.arch: 'x86_64', os.version: '10.15.3', java.version: '12.0.2'
Driver info: org.openqa.selenium.chrome.ChromeDriver
Capabilities {acceptInsecureCerts: false, browserName: chrome, browserVersion: 81.0.4044.129, chrome: {chromedriverVersion: 81.0.4044.69 (6813546031a4b..., userDataDir: /var/folders/0l/sj8l7z5n16l...}, goog:chromeOptions: {debuggerAddress: localhost:64628}, javascriptEnabled: true, networkConnectionEnabled: false, pageLoadStrategy: normal, platform: MAC, platformName: MAC, proxy: Proxy(), setWindowRect: true, strictFileInteractability: false, timeouts: {implicit: 0, pageLoad: 300000, script: 30000}, unhandledPromptBehavior: dismiss and notify, webauthn:virtualAuthenticators: true}
Session ID: 2260130346515444c0464f0e54913777


	at jdk.internal.reflect.GeneratedConstructorAccessor22.newInstance(Unknown Source)


	at java.base/jdk.internal.reflect.DelegatingConstructorAccessorImpl.newInstance(DelegatingConstructorAccessorImpl.java:45)


	at java.base/java.lang.reflect.Constructor.newInstanceWithCaller(Constructor.java:500)


	at java.base/java.lang.reflect.Constructor.newInstance(Constructor.java:481)


	at org.openqa.selenium.remote.http.W3CHttpResponseCodec.createException(W3CHttpResponseCodec.java:187)


	at org.openqa.selenium.remote.http.W3CHttpResponseCodec.decode(W3CHttpResponseCodec.java:122)


	at org.openqa.selenium.remote.http.W3CHttpResponseCodec.decode(W3CHttpResponseCodec.java:49)


	at org.openqa.selenium.remote.HttpCommandExecutor.execute(HttpCommandExecutor.java:158)


	at org.openqa.selenium.remote.service.DriverCommandExecutor.execute(DriverCommandExecutor.java:83)


	at org.openqa.selenium.remote.RemoteWebDriver.execute(RemoteWebDriver.java:552)


	at org.openqa.selenium.remote.RemoteWebDriver.get(RemoteWebDriver.java:277)


	at com.cybertek.library.step_definitions.LoginStepDefs.i_am_on_the_login_page(LoginStepDefs.java:25)


	at ✽.I am on the login page(file:///Users/tahimna/IdeaProjects/fall2019cucumberproject/src/test/resources/features/ShowRecords.feature:5)




org.openqa.selenium.NoSuchWindowException: no such window: target window already closed
from unknown error: web view not found
  (Session info: chrome=81.0.4044.129)
Build info: version: '3.141.59', revision: 'e82be7d358', time: '2018-11-14T08:17:03'
System info: host: 'Tahminas-MacBook-Air.local', ip: '2601:140:f:7354:a95e:112f:cc08:7dde%en0', os.name: 'Mac OS X', os.arch: 'x86_64', os.version: '10.15.3', java.version: '12.0.2'
Driver info: org.openqa.selenium.chrome.ChromeDriver
Capabilities {acceptInsecureCerts: false, browserName: chrome, browserVersion: 81.0.4044.129, chrome: {chromedriverVersion: 81.0.4044.69 (6813546031a4b..., userDataDir: /var/folders/0l/sj8l7z5n16l...}, goog:chromeOptions: {debuggerAddress: localhost:64628}, javascriptEnabled: true, networkConnectionEnabled: false, pageLoadStrategy: normal, platform: MAC, platformName: MAC, proxy: Proxy(), setWindowRect: true, strictFileInteractability: false, timeouts: {implicit: 0, pageLoad: 300000, script: 30000}, unhandledPromptBehavior: dismiss and notify, webauthn:virtualAuthenticators: true}
Session ID: 2260130346515444c0464f0e54913777


	at jdk.internal.reflect.GeneratedConstructorAccessor22.newInstance(Unknown Source)


	at java.base/jdk.internal.reflect.DelegatingConstructorAccessorImpl.newInstance(DelegatingConstructorAccessorImpl.java:45)


	at java.base/java.lang.reflect.Constructor.newInstanceWithCaller(Constructor.java:500)


	at java.base/java.lang.reflect.Constructor.newInstance(Constructor.java:481)


	at org.openqa.selenium.remote.http.W3CHttpResponseCodec.createException(W3CHttpResponseCodec.java:187)


	at org.openqa.selenium.remote.http.W3CHttpResponseCodec.decode(W3CHttpResponseCodec.java:122)


	at org.openqa.selenium.remote.http.W3CHttpResponseCodec.decode(W3CHttpResponseCodec.java:49)


	at org.openqa.selenium.remote.HttpCommandExecutor.execute(HttpCommandExecutor.java:158)


	at org.openqa.selenium.remote.service.DriverCommandExecutor.execute(DriverCommandExecutor.java:83)


	at org.openqa.selenium.remote.RemoteWebDriver.execute(RemoteWebDriver.java:552)


	at org.openqa.selenium.remote.RemoteWebDriver.execute(RemoteWebDriver.java:609)


	at org.openqa.selenium.remote.RemoteWebDriver.getScreenshotAs(RemoteWebDriver.java:295)


	at com.cybertek.library.step_definitions.Hooks.tearDownScenario(Hooks.java:31)




org.openqa.selenium.NoSuchWindowException: no such window: target window already closed
from unknown error: web view not found
  (Session info: chrome=81.0.4044.129)
Build info: version: '3.141.59', revision: 'e82be7d358', time: '2018-11-14T08:17:03'
System info: host: 'Tahminas-MacBook-Air.local', ip: '2601:140:f:7354:a95e:112f:cc08:7dde%en0', os.name: 'Mac OS X', os.arch: 'x86_64', os.version: '10.15.3', java.version: '12.0.2'
Driver info: org.openqa.selenium.chrome.ChromeDriver
Capabilities {acceptInsecureCerts: false, browserName: chrome, browserVersion: 81.0.4044.129, chrome: {chromedriverVersion: 81.0.4044.69 (6813546031a4b..., userDataDir: /var/folders/0l/sj8l7z5n16l...}, goog:chromeOptions: {debuggerAddress: localhost:64628}, javascriptEnabled: true, networkConnectionEnabled: false, pageLoadStrategy: normal, platform: MAC, platformName: MAC, proxy: Proxy(), setWindowRect: true, strictFileInteractability: false, timeouts: {implicit: 0, pageLoad: 300000, script: 30000}, unhandledPromptBehavior: dismiss and notify, webauthn:virtualAuthenticators: true}
Session ID: 2260130346515444c0464f0e54913777


	at jdk.internal.reflect.GeneratedConstructorAccessor22.newInstance(Unknown Source)


	at java.base/jdk.internal.reflect.DelegatingConstructorAccessorImpl.newInstance(DelegatingConstructorAccessorImpl.java:45)


	at java.base/java.lang.reflect.Constructor.newInstanceWithCaller(Constructor.java:500)


	at java.base/java.lang.reflect.Constructor.newInstance(Constructor.java:481)


	at org.openqa.selenium.remote.http.W3CHttpResponseCodec.createException(W3CHttpResponseCodec.java:187)


	at org.openqa.selenium.remote.http.W3CHttpResponseCodec.decode(W3CHttpResponseCodec.java:122)


	at org.openqa.selenium.remote.http.W3CHttpResponseCodec.decode(W3CHttpResponseCodec.java:49)


	at org.openqa.selenium.remote.HttpCommandExecutor.execute(HttpCommandExecutor.java:158)


	at org.openqa.selenium.remote.service.DriverCommandExecutor.execute(DriverCommandExecutor.java:83)


	at org.openqa.selenium.remote.RemoteWebDriver.execute(RemoteWebDriver.java:552)


	at org.openqa.selenium.remote.RemoteWebDriver.get(RemoteWebDriver.java:277)


	at com.cybertek.library.step_definitions.LoginStepDefs.i_am_on_the_login_page(LoginStepDefs.java:25)


	at ✽.I am on the login page(file:///Users/tahimna/IdeaProjects/fall2019cucumberproject/src/test/resources/features/ShowRecords.feature:5)




org.openqa.selenium.NoSuchWindowException: no such window: target window already closed
from unknown error: web view not found
  (Session info: chrome=81.0.4044.129)
Build info: version: '3.141.59', revision: 'e82be7d358', time: '2018-11-14T08:17:03'
System info: host: 'Tahminas-MacBook-Air.local', ip: '2601:140:f:7354:a95e:112f:cc08:7dde%en0', os.name: 'Mac OS X', os.arch: 'x86_64', os.version: '10.15.3', java.version: '12.0.2'
Driver info: org.openqa.selenium.chrome.ChromeDriver
Capabilities {acceptInsecureCerts: false, browserName: chrome, browserVersion: 81.0.4044.129, chrome: {chromedriverVersion: 81.0.4044.69 (6813546031a4b..., userDataDir: /var/folders/0l/sj8l7z5n16l...}, goog:chromeOptions: {debuggerAddress: localhost:64628}, javascriptEnabled: true, networkConnectionEnabled: false, pageLoadStrategy: normal, platform: MAC, platformName: MAC, proxy: Proxy(), setWindowRect: true, strictFileInteractability: false, timeouts: {implicit: 0, pageLoad: 300000, script: 30000}, unhandledPromptBehavior: dismiss and notify, webauthn:virtualAuthenticators: true}
Session ID: 2260130346515444c0464f0e54913777


	at jdk.internal.reflect.GeneratedConstructorAccessor22.newInstance(Unknown Source)


	at java.base/jdk.internal.reflect.DelegatingConstructorAccessorImpl.newInstance(DelegatingConstructorAccessorImpl.java:45)


	at java.base/java.lang.reflect.Constructor.newInstanceWithCaller(Constructor.java:500)


	at java.base/java.lang.reflect.Constructor.newInstance(Constructor.java:481)


	at org.openqa.selenium.remote.http.W3CHttpResponseCodec.createException(W3CHttpResponseCodec.java:187)


	at org.openqa.selenium.remote.http.W3CHttpResponseCodec.decode(W3CHttpResponseCodec.java:122)


	at org.openqa.selenium.remote.http.W3CHttpResponseCodec.decode(W3CHttpResponseCodec.java:49)


	at org.openqa.selenium.remote.HttpCommandExecutor.execute(HttpCommandExecutor.java:158)


	at org.openqa.selenium.remote.service.DriverCommandExecutor.execute(DriverCommandExecutor.java:83)


	at org.openqa.selenium.remote.RemoteWebDriver.execute(RemoteWebDriver.java:552)


	at org.openqa.selenium.remote.RemoteWebDriver.execute(RemoteWebDriver.java:609)


	at org.openqa.selenium.remote.RemoteWebDriver.getScreenshotAs(RemoteWebDriver.java:295)


	at com.cybertek.library.step_definitions.Hooks.tearDownScenario(Hooks.java:31)






set up browser
on login page
Logging in as a librarian
scenario.getSourceTagNames() = [@show-records, @smoke, @regression, @lib-7031]
scenario.getName = verify default values in Users page
close driver
]]></system-out>
    <system-err><![CDATA[Starting ChromeDriver 81.0.4044.69 (6813546031a4bc83f717a2ef7cd4ac6ec1199132-refs/branch-heads/4044@{#776}) on port 14585
Only local connections are allowed.
Please protect ports used by ChromeDriver and related test frameworks to prevent access by malicious code.
Apr 30, 2020 5:18:13 PM org.openqa.selenium.remote.ProtocolHandshake createSession
INFO: Detected dialect: W3C
[1588281495.763][SEVERE]: Timed out receiving message from renderer: 0.100
[1588281495.864][SEVERE]: Timed out receiving message from renderer: 0.100
[1588281495.966][SEVERE]: Timed out receiving message from renderer: 0.100
[1588281496.433][SEVERE]: Timed out receiving message from renderer: 0.100
[1588281496.586][SEVERE]: Timed out receiving message from renderer: 0.100
[1588281496.726][SEVERE]: Timed out receiving message from renderer: 0.100
[1588281496.828][SEVERE]: Timed out receiving message from renderer: 0.100
[1588281496.945][SEVERE]: Timed out receiving message from renderer: 0.100
[1588281497.534][SEVERE]: Timed out receiving message from renderer: 0.100
]]></system-err>
  </testcase>
  <testcase name="Change number of rows on Users page" classname="Show records functionality" time="15.982">
    <error message="no such window: target window already closed&#10;from unknown error: web view not found&#10;  (Session info: chrome=81.0.4044.129)&#10;Build info: version: &apos;3.141.59&apos;, revision: &apos;e82be7d358&apos;, time: &apos;2018-11-14T08:17:03&apos;&#10;System info: host: &apos;Tahminas-MacBook-Air.local&apos;, ip: &apos;2601:140:f:7354:a95e:112f:cc08:7dde%en0&apos;, os.name: &apos;Mac OS X&apos;, os.arch: &apos;x86_64&apos;, os.version: &apos;10.15.3&apos;, java.version: &apos;12.0.2&apos;&#10;Driver info: org.openqa.selenium.chrome.ChromeDriver&#10;Capabilities {acceptInsecureCerts: false, browserName: chrome, browserVersion: 81.0.4044.129, chrome: {chromedriverVersion: 81.0.4044.69 (6813546031a4b..., userDataDir: /var/folders/0l/sj8l7z5n16l...}, goog:chromeOptions: {debuggerAddress: localhost:64628}, javascriptEnabled: true, networkConnectionEnabled: false, pageLoadStrategy: normal, platform: MAC, platformName: MAC, proxy: Proxy(), setWindowRect: true, strictFileInteractability: false, timeouts: {implicit: 0, pageLoad: 300000, script: 30000}, unhandledPromptBehavior: dismiss and notify, webauthn:virtualAuthenticators: true}&#10;Session ID: 2260130346515444c0464f0e54913777" type="org.openqa.selenium.NoSuchWindowException"><![CDATA[org.openqa.selenium.NoSuchWindowException: 
no such window: target window already closed
from unknown error: web view not found
  (Session info: chrome=81.0.4044.129)
Build info: version: '3.141.59', revision: 'e82be7d358', time: '2018-11-14T08:17:03'
System info: host: 'Tahminas-MacBook-Air.local', ip: '2601:140:f:7354:a95e:112f:cc08:7dde%en0', os.name: 'Mac OS X', os.arch: 'x86_64', os.version: '10.15.3', java.version: '12.0.2'
Driver info: org.openqa.selenium.chrome.ChromeDriver
Capabilities {acceptInsecureCerts: false, browserName: chrome, browserVersion: 81.0.4044.129, chrome: {chromedriverVersion: 81.0.4044.69 (6813546031a4b..., userDataDir: /var/folders/0l/sj8l7z5n16l...}, goog:chromeOptions: {debuggerAddress: localhost:64628}, javascriptEnabled: true, networkConnectionEnabled: false, pageLoadStrategy: normal, platform: MAC, platformName: MAC, proxy: Proxy(), setWindowRect: true, strictFileInteractability: false, timeouts: {implicit: 0, pageLoad: 300000, script: 30000}, unhandledPromptBehavior: dismiss and notify, webauthn:virtualAuthenticators: true}
Session ID: 2260130346515444c0464f0e54913777
]]></error>
    <system-out><![CDATA[set up browser
on login page
scenario.getSourceTagNames() = [@show-records, @smoke, @regression, @lib-7031]
scenario.getName = Change number of rows on Users page
]]></system-out>
    <system-err><![CDATA[Starting ChromeDriver 81.0.4044.69 (6813546031a4bc83f717a2ef7cd4ac6ec1199132-refs/branch-heads/4044@{#776}) on port 3285
Only local connections are allowed.
Please protect ports used by ChromeDriver and related test frameworks to prevent access by malicious code.
Apr 30, 2020 5:18:42 PM org.openqa.selenium.remote.ProtocolHandshake createSession
INFO: Detected dialect: W3C
[1588281525.256][SEVERE]: Timed out receiving message from renderer: 0.100
[1588281525.366][SEVERE]: Timed out receiving message from renderer: 0.100
[1588281525.468][SEVERE]: Timed out receiving message from renderer: 0.100
[1588281525.570][SEVERE]: Timed out receiving message from renderer: 0.100
[1588281525.672][SEVERE]: Timed out receiving message from renderer: 0.100
[1588281525.777][SEVERE]: Timed out receiving message from renderer: 0.100
[1588281525.882][SEVERE]: Timed out receiving message from renderer: 0.100
[1588281525.985][SEVERE]: Timed out receiving message from renderer: 0.100
[1588281526.102][SEVERE]: Timed out receiving message from renderer: 0.100
[1588281526.204][SEVERE]: Timed out receiving message from renderer: 0.100
[1588281526.306][SEVERE]: Timed out receiving message from renderer: 0.100
[1588281526.408][SEVERE]: Timed out receiving message from renderer: 0.100
[1588281526.511][SEVERE]: Timed out receiving message from renderer: 0.100
[1588281526.612][SEVERE]: Timed out receiving message from renderer: 0.100
[1588281526.714][SEVERE]: Timed out receiving message from renderer: 0.100
[1588281526.815][SEVERE]: Timed out receiving message from renderer: 0.100
[1588281526.919][SEVERE]: Timed out receiving message from renderer: 0.100
[1588281527.021][SEVERE]: Timed out receiving message from renderer: 0.100
[1588281527.123][SEVERE]: Timed out receiving message from renderer: 0.100
[1588281527.225][SEVERE]: Timed out receiving message from renderer: 0.100
[1588281527.327][SEVERE]: Timed out receiving message from renderer: 0.100
[1588281527.430][SEVERE]: Timed out receiving message from renderer: 0.100
[1588281527.532][SEVERE]: Timed out receiving message from renderer: 0.100
[1588281527.634][SEVERE]: Timed out receiving message from renderer: 0.100
[1588281527.737][SEVERE]: Timed out receiving message from renderer: 0.100
[1588281527.839][SEVERE]: Timed out receiving message from renderer: 0.100
[1588281527.945][SEVERE]: Timed out receiving message from renderer: 0.100
[1588281528.047][SEVERE]: Timed out receiving message from renderer: 0.100
[1588281528.149][SEVERE]: Timed out receiving message from renderer: 0.100
[1588281528.252][SEVERE]: Timed out receiving message from renderer: 0.100
[1588281528.353][SEVERE]: Timed out receiving message from renderer: 0.100
[1588281528.553][SEVERE]: Timed out receiving message from renderer: 0.100
]]></system-err>
  </testcase>
  <testcase name="Change number of rows on Users page" classname="Show records functionality" time="0">
    <error message="no such window: target window already closed&#10;from unknown error: web view not found&#10;  (Session info: chrome=81.0.4044.129)&#10;Build info: version: &apos;3.141.59&apos;, revision: &apos;e82be7d358&apos;, time: &apos;2018-11-14T08:17:03&apos;&#10;System info: host: &apos;Tahminas-MacBook-Air.local&apos;, ip: &apos;2601:140:f:7354:a95e:112f:cc08:7dde%en0&apos;, os.name: &apos;Mac OS X&apos;, os.arch: &apos;x86_64&apos;, os.version: &apos;10.15.3&apos;, java.version: &apos;12.0.2&apos;&#10;Driver info: org.openqa.selenium.chrome.ChromeDriver&#10;Capabilities {acceptInsecureCerts: false, browserName: chrome, browserVersion: 81.0.4044.129, chrome: {chromedriverVersion: 81.0.4044.69 (6813546031a4b..., userDataDir: /var/folders/0l/sj8l7z5n16l...}, goog:chromeOptions: {debuggerAddress: localhost:64628}, javascriptEnabled: true, networkConnectionEnabled: false, pageLoadStrategy: normal, platform: MAC, platformName: MAC, proxy: Proxy(), setWindowRect: true, strictFileInteractability: false, timeouts: {implicit: 0, pageLoad: 300000, script: 30000}, unhandledPromptBehavior: dismiss and notify, webauthn:virtualAuthenticators: true}&#10;Session ID: 2260130346515444c0464f0e54913777" type="org.openqa.selenium.NoSuchWindowException"><![CDATA[org.openqa.selenium.NoSuchWindowException: 
no such window: target window already closed
from unknown error: web view not found
  (Session info: chrome=81.0.4044.129)
Build info: version: '3.141.59', revision: 'e82be7d358', time: '2018-11-14T08:17:03'
System info: host: 'Tahminas-MacBook-Air.local', ip: '2601:140:f:7354:a95e:112f:cc08:7dde%en0', os.name: 'Mac OS X', os.arch: 'x86_64', os.version: '10.15.3', java.version: '12.0.2'
Driver info: org.openqa.selenium.chrome.ChromeDriver
Capabilities {acceptInsecureCerts: false, browserName: chrome, browserVersion: 81.0.4044.129, chrome: {chromedriverVersion: 81.0.4044.69 (6813546031a4b..., userDataDir: /var/folders/0l/sj8l7z5n16l...}, goog:chromeOptions: {debuggerAddress: localhost:64628}, javascriptEnabled: true, networkConnectionEnabled: false, pageLoadStrategy: normal, platform: MAC, platformName: MAC, proxy: Proxy(), setWindowRect: true, strictFileInteractability: false, timeouts: {implicit: 0, pageLoad: 300000, script: 30000}, unhandledPromptBehavior: dismiss and notify, webauthn:virtualAuthenticators: true}
Session ID: 2260130346515444c0464f0e54913777
]]></error>
  </testcase>
  <testcase name="Show records for 5 options" classname="Show records functionality" time="0.098">
    <error message="no such window: target window already closed&#10;from unknown error: web view not found&#10;  (Session info: chrome=81.0.4044.129)&#10;Build info: version: &apos;3.141.59&apos;, revision: &apos;e82be7d358&apos;, time: &apos;2018-11-14T08:17:03&apos;&#10;System info: host: &apos;Tahminas-MacBook-Air.local&apos;, ip: &apos;2601:140:f:7354:a95e:112f:cc08:7dde%en0&apos;, os.name: &apos;Mac OS X&apos;, os.arch: &apos;x86_64&apos;, os.version: &apos;10.15.3&apos;, java.version: &apos;12.0.2&apos;&#10;Driver info: org.openqa.selenium.chrome.ChromeDriver&#10;Capabilities {acceptInsecureCerts: false, browserName: chrome, browserVersion: 81.0.4044.129, chrome: {chromedriverVersion: 81.0.4044.69 (6813546031a4b..., userDataDir: /var/folders/0l/sj8l7z5n16l...}, goog:chromeOptions: {debuggerAddress: localhost:64628}, javascriptEnabled: true, networkConnectionEnabled: false, pageLoadStrategy: normal, platform: MAC, platformName: MAC, proxy: Proxy(), setWindowRect: true, strictFileInteractability: false, timeouts: {implicit: 0, pageLoad: 300000, script: 30000}, unhandledPromptBehavior: dismiss and notify, webauthn:virtualAuthenticators: true}&#10;Session ID: 2260130346515444c0464f0e54913777" type="org.openqa.selenium.NoSuchWindowException"><![CDATA[org.openqa.selenium.NoSuchWindowException: 
no such window: target window already closed
from unknown error: web view not found
  (Session info: chrome=81.0.4044.129)
Build info: version: '3.141.59', revision: 'e82be7d358', time: '2018-11-14T08:17:03'
System info: host: 'Tahminas-MacBook-Air.local', ip: '2601:140:f:7354:a95e:112f:cc08:7dde%en0', os.name: 'Mac OS X', os.arch: 'x86_64', os.version: '10.15.3', java.version: '12.0.2'
Driver info: org.openqa.selenium.chrome.ChromeDriver
Capabilities {acceptInsecureCerts: false, browserName: chrome, browserVersion: 81.0.4044.129, chrome: {chromedriverVersion: 81.0.4044.69 (6813546031a4b..., userDataDir: /var/folders/0l/sj8l7z5n16l...}, goog:chromeOptions: {debuggerAddress: localhost:64628}, javascriptEnabled: true, networkConnectionEnabled: false, pageLoadStrategy: normal, platform: MAC, platformName: MAC, proxy: Proxy(), setWindowRect: true, strictFileInteractability: false, timeouts: {implicit: 0, pageLoad: 300000, script: 30000}, unhandledPromptBehavior: dismiss and notify, webauthn:virtualAuthenticators: true}
Session ID: 2260130346515444c0464f0e54913777
]]></error>
    <system-out><![CDATA[set up browser
on login page
scenario.getSourceTagNames() = [@show-records, @smoke, @regression, @lib-7031]
scenario.getName = Show records for 5 options
]]></system-out>
  </testcase>
  <testcase name="Show records for 5 options" classname="Show records functionality" time="0">
    <error message="no such window: target window already closed&#10;from unknown error: web view not found&#10;  (Session info: chrome=81.0.4044.129)&#10;Build info: version: &apos;3.141.59&apos;, revision: &apos;e82be7d358&apos;, time: &apos;2018-11-14T08:17:03&apos;&#10;System info: host: &apos;Tahminas-MacBook-Air.local&apos;, ip: &apos;2601:140:f:7354:a95e:112f:cc08:7dde%en0&apos;, os.name: &apos;Mac OS X&apos;, os.arch: &apos;x86_64&apos;, os.version: &apos;10.15.3&apos;, java.version: &apos;12.0.2&apos;&#10;Driver info: org.openqa.selenium.chrome.ChromeDriver&#10;Capabilities {acceptInsecureCerts: false, browserName: chrome, browserVersion: 81.0.4044.129, chrome: {chromedriverVersion: 81.0.4044.69 (6813546031a4b..., userDataDir: /var/folders/0l/sj8l7z5n16l...}, goog:chromeOptions: {debuggerAddress: localhost:64628}, javascriptEnabled: true, networkConnectionEnabled: false, pageLoadStrategy: normal, platform: MAC, platformName: MAC, proxy: Proxy(), setWindowRect: true, strictFileInteractability: false, timeouts: {implicit: 0, pageLoad: 300000, script: 30000}, unhandledPromptBehavior: dismiss and notify, webauthn:virtualAuthenticators: true}&#10;Session ID: 2260130346515444c0464f0e54913777" type="org.openqa.selenium.NoSuchWindowException"><![CDATA[org.openqa.selenium.NoSuchWindowException: 
no such window: target window already closed
from unknown error: web view not found
  (Session info: chrome=81.0.4044.129)
Build info: version: '3.141.59', revision: 'e82be7d358', time: '2018-11-14T08:17:03'
System info: host: 'Tahminas-MacBook-Air.local', ip: '2601:140:f:7354:a95e:112f:cc08:7dde%en0', os.name: 'Mac OS X', os.arch: 'x86_64', os.version: '10.15.3', java.version: '12.0.2'
Driver info: org.openqa.selenium.chrome.ChromeDriver
Capabilities {acceptInsecureCerts: false, browserName: chrome, browserVersion: 81.0.4044.129, chrome: {chromedriverVersion: 81.0.4044.69 (6813546031a4b..., userDataDir: /var/folders/0l/sj8l7z5n16l...}, goog:chromeOptions: {debuggerAddress: localhost:64628}, javascriptEnabled: true, networkConnectionEnabled: false, pageLoadStrategy: normal, platform: MAC, platformName: MAC, proxy: Proxy(), setWindowRect: true, strictFileInteractability: false, timeouts: {implicit: 0, pageLoad: 300000, script: 30000}, unhandledPromptBehavior: dismiss and notify, webauthn:virtualAuthenticators: true}
Session ID: 2260130346515444c0464f0e54913777
]]></error>
  </testcase>
  <testcase name="Show records for 10 options" classname="Show records functionality" time="0.03">
    <error message="no such window: target window already closed&#10;from unknown error: web view not found&#10;  (Session info: chrome=81.0.4044.129)&#10;Build info: version: &apos;3.141.59&apos;, revision: &apos;e82be7d358&apos;, time: &apos;2018-11-14T08:17:03&apos;&#10;System info: host: &apos;Tahminas-MacBook-Air.local&apos;, ip: &apos;2601:140:f:7354:a95e:112f:cc08:7dde%en0&apos;, os.name: &apos;Mac OS X&apos;, os.arch: &apos;x86_64&apos;, os.version: &apos;10.15.3&apos;, java.version: &apos;12.0.2&apos;&#10;Driver info: org.openqa.selenium.chrome.ChromeDriver&#10;Capabilities {acceptInsecureCerts: false, browserName: chrome, browserVersion: 81.0.4044.129, chrome: {chromedriverVersion: 81.0.4044.69 (6813546031a4b..., userDataDir: /var/folders/0l/sj8l7z5n16l...}, goog:chromeOptions: {debuggerAddress: localhost:64628}, javascriptEnabled: true, networkConnectionEnabled: false, pageLoadStrategy: normal, platform: MAC, platformName: MAC, proxy: Proxy(), setWindowRect: true, strictFileInteractability: false, timeouts: {implicit: 0, pageLoad: 300000, script: 30000}, unhandledPromptBehavior: dismiss and notify, webauthn:virtualAuthenticators: true}&#10;Session ID: 2260130346515444c0464f0e54913777" type="org.openqa.selenium.NoSuchWindowException"><![CDATA[org.openqa.selenium.NoSuchWindowException: 
no such window: target window already closed
from unknown error: web view not found
  (Session info: chrome=81.0.4044.129)
Build info: version: '3.141.59', revision: 'e82be7d358', time: '2018-11-14T08:17:03'
System info: host: 'Tahminas-MacBook-Air.local', ip: '2601:140:f:7354:a95e:112f:cc08:7dde%en0', os.name: 'Mac OS X', os.arch: 'x86_64', os.version: '10.15.3', java.version: '12.0.2'
Driver info: org.openqa.selenium.chrome.ChromeDriver
Capabilities {acceptInsecureCerts: false, browserName: chrome, browserVersion: 81.0.4044.129, chrome: {chromedriverVersion: 81.0.4044.69 (6813546031a4b..., userDataDir: /var/folders/0l/sj8l7z5n16l...}, goog:chromeOptions: {debuggerAddress: localhost:64628}, javascriptEnabled: true, networkConnectionEnabled: false, pageLoadStrategy: normal, platform: MAC, platformName: MAC, proxy: Proxy(), setWindowRect: true, strictFileInteractability: false, timeouts: {implicit: 0, pageLoad: 300000, script: 30000}, unhandledPromptBehavior: dismiss and notify, webauthn:virtualAuthenticators: true}
Session ID: 2260130346515444c0464f0e54913777
]]></error>
    <system-out><![CDATA[set up browser
on login page
scenario.getSourceTagNames() = [@show-records, @smoke, @regression, @lib-7031]
scenario.getName = Show records for 10 options
]]></system-out>
  </testcase>
  <testcase name="Show records for 10 options" classname="Show records functionality" time="0">
    <error message="no such window: target window already closed&#10;from unknown error: web view not found&#10;  (Session info: chrome=81.0.4044.129)&#10;Build info: version: &apos;3.141.59&apos;, revision: &apos;e82be7d358&apos;, time: &apos;2018-11-14T08:17:03&apos;&#10;System info: host: &apos;Tahminas-MacBook-Air.local&apos;, ip: &apos;2601:140:f:7354:a95e:112f:cc08:7dde%en0&apos;, os.name: &apos;Mac OS X&apos;, os.arch: &apos;x86_64&apos;, os.version: &apos;10.15.3&apos;, java.version: &apos;12.0.2&apos;&#10;Driver info: org.openqa.selenium.chrome.ChromeDriver&#10;Capabilities {acceptInsecureCerts: false, browserName: chrome, browserVersion: 81.0.4044.129, chrome: {chromedriverVersion: 81.0.4044.69 (6813546031a4b..., userDataDir: /var/folders/0l/sj8l7z5n16l...}, goog:chromeOptions: {debuggerAddress: localhost:64628}, javascriptEnabled: true, networkConnectionEnabled: false, pageLoadStrategy: normal, platform: MAC, platformName: MAC, proxy: Proxy(), setWindowRect: true, strictFileInteractability: false, timeouts: {implicit: 0, pageLoad: 300000, script: 30000}, unhandledPromptBehavior: dismiss and notify, webauthn:virtualAuthenticators: true}&#10;Session ID: 2260130346515444c0464f0e54913777" type="org.openqa.selenium.NoSuchWindowException"><![CDATA[org.openqa.selenium.NoSuchWindowException: 
no such window: target window already closed
from unknown error: web view not found
  (Session info: chrome=81.0.4044.129)
Build info: version: '3.141.59', revision: 'e82be7d358', time: '2018-11-14T08:17:03'
System info: host: 'Tahminas-MacBook-Air.local', ip: '2601:140:f:7354:a95e:112f:cc08:7dde%en0', os.name: 'Mac OS X', os.arch: 'x86_64', os.version: '10.15.3', java.version: '12.0.2'
Driver info: org.openqa.selenium.chrome.ChromeDriver
Capabilities {acceptInsecureCerts: false, browserName: chrome, browserVersion: 81.0.4044.129, chrome: {chromedriverVersion: 81.0.4044.69 (6813546031a4b..., userDataDir: /var/folders/0l/sj8l7z5n16l...}, goog:chromeOptions: {debuggerAddress: localhost:64628}, javascriptEnabled: true, networkConnectionEnabled: false, pageLoadStrategy: normal, platform: MAC, platformName: MAC, proxy: Proxy(), setWindowRect: true, strictFileInteractability: false, timeouts: {implicit: 0, pageLoad: 300000, script: 30000}, unhandledPromptBehavior: dismiss and notify, webauthn:virtualAuthenticators: true}
Session ID: 2260130346515444c0464f0e54913777
]]></error>
  </testcase>
  <testcase name="Show records for 15 options" classname="Show records functionality" time="0.065">
    <error message="no such window: target window already closed&#10;from unknown error: web view not found&#10;  (Session info: chrome=81.0.4044.129)&#10;Build info: version: &apos;3.141.59&apos;, revision: &apos;e82be7d358&apos;, time: &apos;2018-11-14T08:17:03&apos;&#10;System info: host: &apos;Tahminas-MacBook-Air.local&apos;, ip: &apos;2601:140:f:7354:a95e:112f:cc08:7dde%en0&apos;, os.name: &apos;Mac OS X&apos;, os.arch: &apos;x86_64&apos;, os.version: &apos;10.15.3&apos;, java.version: &apos;12.0.2&apos;&#10;Driver info: org.openqa.selenium.chrome.ChromeDriver&#10;Capabilities {acceptInsecureCerts: false, browserName: chrome, browserVersion: 81.0.4044.129, chrome: {chromedriverVersion: 81.0.4044.69 (6813546031a4b..., userDataDir: /var/folders/0l/sj8l7z5n16l...}, goog:chromeOptions: {debuggerAddress: localhost:64628}, javascriptEnabled: true, networkConnectionEnabled: false, pageLoadStrategy: normal, platform: MAC, platformName: MAC, proxy: Proxy(), setWindowRect: true, strictFileInteractability: false, timeouts: {implicit: 0, pageLoad: 300000, script: 30000}, unhandledPromptBehavior: dismiss and notify, webauthn:virtualAuthenticators: true}&#10;Session ID: 2260130346515444c0464f0e54913777" type="org.openqa.selenium.NoSuchWindowException"><![CDATA[org.openqa.selenium.NoSuchWindowException: 
no such window: target window already closed
from unknown error: web view not found
  (Session info: chrome=81.0.4044.129)
Build info: version: '3.141.59', revision: 'e82be7d358', time: '2018-11-14T08:17:03'
System info: host: 'Tahminas-MacBook-Air.local', ip: '2601:140:f:7354:a95e:112f:cc08:7dde%en0', os.name: 'Mac OS X', os.arch: 'x86_64', os.version: '10.15.3', java.version: '12.0.2'
Driver info: org.openqa.selenium.chrome.ChromeDriver
Capabilities {acceptInsecureCerts: false, browserName: chrome, browserVersion: 81.0.4044.129, chrome: {chromedriverVersion: 81.0.4044.69 (6813546031a4b..., userDataDir: /var/folders/0l/sj8l7z5n16l...}, goog:chromeOptions: {debuggerAddress: localhost:64628}, javascriptEnabled: true, networkConnectionEnabled: false, pageLoadStrategy: normal, platform: MAC, platformName: MAC, proxy: Proxy(), setWindowRect: true, strictFileInteractability: false, timeouts: {implicit: 0, pageLoad: 300000, script: 30000}, unhandledPromptBehavior: dismiss and notify, webauthn:virtualAuthenticators: true}
Session ID: 2260130346515444c0464f0e54913777
]]></error>
    <system-out><![CDATA[set up browser
on login page
scenario.getSourceTagNames() = [@show-records, @smoke, @regression, @lib-7031]
scenario.getName = Show records for 15 options
]]></system-out>
  </testcase>
  <testcase name="Show records for 15 options" classname="Show records functionality" time="0">
    <error message="no such window: target window already closed&#10;from unknown error: web view not found&#10;  (Session info: chrome=81.0.4044.129)&#10;Build info: version: &apos;3.141.59&apos;, revision: &apos;e82be7d358&apos;, time: &apos;2018-11-14T08:17:03&apos;&#10;System info: host: &apos;Tahminas-MacBook-Air.local&apos;, ip: &apos;2601:140:f:7354:a95e:112f:cc08:7dde%en0&apos;, os.name: &apos;Mac OS X&apos;, os.arch: &apos;x86_64&apos;, os.version: &apos;10.15.3&apos;, java.version: &apos;12.0.2&apos;&#10;Driver info: org.openqa.selenium.chrome.ChromeDriver&#10;Capabilities {acceptInsecureCerts: false, browserName: chrome, browserVersion: 81.0.4044.129, chrome: {chromedriverVersion: 81.0.4044.69 (6813546031a4b..., userDataDir: /var/folders/0l/sj8l7z5n16l...}, goog:chromeOptions: {debuggerAddress: localhost:64628}, javascriptEnabled: true, networkConnectionEnabled: false, pageLoadStrategy: normal, platform: MAC, platformName: MAC, proxy: Proxy(), setWindowRect: true, strictFileInteractability: false, timeouts: {implicit: 0, pageLoad: 300000, script: 30000}, unhandledPromptBehavior: dismiss and notify, webauthn:virtualAuthenticators: true}&#10;Session ID: 2260130346515444c0464f0e54913777" type="org.openqa.selenium.NoSuchWindowException"><![CDATA[org.openqa.selenium.NoSuchWindowException: 
no such window: target window already closed
from unknown error: web view not found
  (Session info: chrome=81.0.4044.129)
Build info: version: '3.141.59', revision: 'e82be7d358', time: '2018-11-14T08:17:03'
System info: host: 'Tahminas-MacBook-Air.local', ip: '2601:140:f:7354:a95e:112f:cc08:7dde%en0', os.name: 'Mac OS X', os.arch: 'x86_64', os.version: '10.15.3', java.version: '12.0.2'
Driver info: org.openqa.selenium.chrome.ChromeDriver
Capabilities {acceptInsecureCerts: false, browserName: chrome, browserVersion: 81.0.4044.129, chrome: {chromedriverVersion: 81.0.4044.69 (6813546031a4b..., userDataDir: /var/folders/0l/sj8l7z5n16l...}, goog:chromeOptions: {debuggerAddress: localhost:64628}, javascriptEnabled: true, networkConnectionEnabled: false, pageLoadStrategy: normal, platform: MAC, platformName: MAC, proxy: Proxy(), setWindowRect: true, strictFileInteractability: false, timeouts: {implicit: 0, pageLoad: 300000, script: 30000}, unhandledPromptBehavior: dismiss and notify, webauthn:virtualAuthenticators: true}
Session ID: 2260130346515444c0464f0e54913777
]]></error>
  </testcase>
  <testcase name="Show records for 50 options" classname="Show records functionality" time="0.036">
    <error message="no such window: target window already closed&#10;from unknown error: web view not found&#10;  (Session info: chrome=81.0.4044.129)&#10;Build info: version: &apos;3.141.59&apos;, revision: &apos;e82be7d358&apos;, time: &apos;2018-11-14T08:17:03&apos;&#10;System info: host: &apos;Tahminas-MacBook-Air.local&apos;, ip: &apos;2601:140:f:7354:a95e:112f:cc08:7dde%en0&apos;, os.name: &apos;Mac OS X&apos;, os.arch: &apos;x86_64&apos;, os.version: &apos;10.15.3&apos;, java.version: &apos;12.0.2&apos;&#10;Driver info: org.openqa.selenium.chrome.ChromeDriver&#10;Capabilities {acceptInsecureCerts: false, browserName: chrome, browserVersion: 81.0.4044.129, chrome: {chromedriverVersion: 81.0.4044.69 (6813546031a4b..., userDataDir: /var/folders/0l/sj8l7z5n16l...}, goog:chromeOptions: {debuggerAddress: localhost:64628}, javascriptEnabled: true, networkConnectionEnabled: false, pageLoadStrategy: normal, platform: MAC, platformName: MAC, proxy: Proxy(), setWindowRect: true, strictFileInteractability: false, timeouts: {implicit: 0, pageLoad: 300000, script: 30000}, unhandledPromptBehavior: dismiss and notify, webauthn:virtualAuthenticators: true}&#10;Session ID: 2260130346515444c0464f0e54913777" type="org.openqa.selenium.NoSuchWindowException"><![CDATA[org.openqa.selenium.NoSuchWindowException: 
no such window: target window already closed
from unknown error: web view not found
  (Session info: chrome=81.0.4044.129)
Build info: version: '3.141.59', revision: 'e82be7d358', time: '2018-11-14T08:17:03'
System info: host: 'Tahminas-MacBook-Air.local', ip: '2601:140:f:7354:a95e:112f:cc08:7dde%en0', os.name: 'Mac OS X', os.arch: 'x86_64', os.version: '10.15.3', java.version: '12.0.2'
Driver info: org.openqa.selenium.chrome.ChromeDriver
Capabilities {acceptInsecureCerts: false, browserName: chrome, browserVersion: 81.0.4044.129, chrome: {chromedriverVersion: 81.0.4044.69 (6813546031a4b..., userDataDir: /var/folders/0l/sj8l7z5n16l...}, goog:chromeOptions: {debuggerAddress: localhost:64628}, javascriptEnabled: true, networkConnectionEnabled: false, pageLoadStrategy: normal, platform: MAC, platformName: MAC, proxy: Proxy(), setWindowRect: true, strictFileInteractability: false, timeouts: {implicit: 0, pageLoad: 300000, script: 30000}, unhandledPromptBehavior: dismiss and notify, webauthn:virtualAuthenticators: true}
Session ID: 2260130346515444c0464f0e54913777
]]></error>
    <system-out><![CDATA[set up browser
on login page
scenario.getSourceTagNames() = [@show-records, @smoke, @regression, @lib-7031]
scenario.getName = Show records for 50 options
]]></system-out>
  </testcase>
  <testcase name="Show records for 50 options" classname="Show records functionality" time="0">
    <error message="no such window: target window already closed&#10;from unknown error: web view not found&#10;  (Session info: chrome=81.0.4044.129)&#10;Build info: version: &apos;3.141.59&apos;, revision: &apos;e82be7d358&apos;, time: &apos;2018-11-14T08:17:03&apos;&#10;System info: host: &apos;Tahminas-MacBook-Air.local&apos;, ip: &apos;2601:140:f:7354:a95e:112f:cc08:7dde%en0&apos;, os.name: &apos;Mac OS X&apos;, os.arch: &apos;x86_64&apos;, os.version: &apos;10.15.3&apos;, java.version: &apos;12.0.2&apos;&#10;Driver info: org.openqa.selenium.chrome.ChromeDriver&#10;Capabilities {acceptInsecureCerts: false, browserName: chrome, browserVersion: 81.0.4044.129, chrome: {chromedriverVersion: 81.0.4044.69 (6813546031a4b..., userDataDir: /var/folders/0l/sj8l7z5n16l...}, goog:chromeOptions: {debuggerAddress: localhost:64628}, javascriptEnabled: true, networkConnectionEnabled: false, pageLoadStrategy: normal, platform: MAC, platformName: MAC, proxy: Proxy(), setWindowRect: true, strictFileInteractability: false, timeouts: {implicit: 0, pageLoad: 300000, script: 30000}, unhandledPromptBehavior: dismiss and notify, webauthn:virtualAuthenticators: true}&#10;Session ID: 2260130346515444c0464f0e54913777" type="org.openqa.selenium.NoSuchWindowException"><![CDATA[org.openqa.selenium.NoSuchWindowException: 
no such window: target window already closed
from unknown error: web view not found
  (Session info: chrome=81.0.4044.129)
Build info: version: '3.141.59', revision: 'e82be7d358', time: '2018-11-14T08:17:03'
System info: host: 'Tahminas-MacBook-Air.local', ip: '2601:140:f:7354:a95e:112f:cc08:7dde%en0', os.name: 'Mac OS X', os.arch: 'x86_64', os.version: '10.15.3', java.version: '12.0.2'
Driver info: org.openqa.selenium.chrome.ChromeDriver
Capabilities {acceptInsecureCerts: false, browserName: chrome, browserVersion: 81.0.4044.129, chrome: {chromedriverVersion: 81.0.4044.69 (6813546031a4b..., userDataDir: /var/folders/0l/sj8l7z5n16l...}, goog:chromeOptions: {debuggerAddress: localhost:64628}, javascriptEnabled: true, networkConnectionEnabled: false, pageLoadStrategy: normal, platform: MAC, platformName: MAC, proxy: Proxy(), setWindowRect: true, strictFileInteractability: false, timeouts: {implicit: 0, pageLoad: 300000, script: 30000}, unhandledPromptBehavior: dismiss and notify, webauthn:virtualAuthenticators: true}
Session ID: 2260130346515444c0464f0e54913777
]]></error>
  </testcase>
  <testcase name="Show records for 100 options" classname="Show records functionality" time="0.03">
    <error message="no such window: target window already closed&#10;from unknown error: web view not found&#10;  (Session info: chrome=81.0.4044.129)&#10;Build info: version: &apos;3.141.59&apos;, revision: &apos;e82be7d358&apos;, time: &apos;2018-11-14T08:17:03&apos;&#10;System info: host: &apos;Tahminas-MacBook-Air.local&apos;, ip: &apos;2601:140:f:7354:a95e:112f:cc08:7dde%en0&apos;, os.name: &apos;Mac OS X&apos;, os.arch: &apos;x86_64&apos;, os.version: &apos;10.15.3&apos;, java.version: &apos;12.0.2&apos;&#10;Driver info: org.openqa.selenium.chrome.ChromeDriver&#10;Capabilities {acceptInsecureCerts: false, browserName: chrome, browserVersion: 81.0.4044.129, chrome: {chromedriverVersion: 81.0.4044.69 (6813546031a4b..., userDataDir: /var/folders/0l/sj8l7z5n16l...}, goog:chromeOptions: {debuggerAddress: localhost:64628}, javascriptEnabled: true, networkConnectionEnabled: false, pageLoadStrategy: normal, platform: MAC, platformName: MAC, proxy: Proxy(), setWindowRect: true, strictFileInteractability: false, timeouts: {implicit: 0, pageLoad: 300000, script: 30000}, unhandledPromptBehavior: dismiss and notify, webauthn:virtualAuthenticators: true}&#10;Session ID: 2260130346515444c0464f0e54913777" type="org.openqa.selenium.NoSuchWindowException"><![CDATA[org.openqa.selenium.NoSuchWindowException: 
no such window: target window already closed
from unknown error: web view not found
  (Session info: chrome=81.0.4044.129)
Build info: version: '3.141.59', revision: 'e82be7d358', time: '2018-11-14T08:17:03'
System info: host: 'Tahminas-MacBook-Air.local', ip: '2601:140:f:7354:a95e:112f:cc08:7dde%en0', os.name: 'Mac OS X', os.arch: 'x86_64', os.version: '10.15.3', java.version: '12.0.2'
Driver info: org.openqa.selenium.chrome.ChromeDriver
Capabilities {acceptInsecureCerts: false, browserName: chrome, browserVersion: 81.0.4044.129, chrome: {chromedriverVersion: 81.0.4044.69 (6813546031a4b..., userDataDir: /var/folders/0l/sj8l7z5n16l...}, goog:chromeOptions: {debuggerAddress: localhost:64628}, javascriptEnabled: true, networkConnectionEnabled: false, pageLoadStrategy: normal, platform: MAC, platformName: MAC, proxy: Proxy(), setWindowRect: true, strictFileInteractability: false, timeouts: {implicit: 0, pageLoad: 300000, script: 30000}, unhandledPromptBehavior: dismiss and notify, webauthn:virtualAuthenticators: true}
Session ID: 2260130346515444c0464f0e54913777
]]></error>
    <system-out><![CDATA[set up browser
on login page
scenario.getSourceTagNames() = [@show-records, @smoke, @regression, @lib-7031]
scenario.getName = Show records for 100 options
]]></system-out>
  </testcase>
  <testcase name="Show records for 100 options" classname="Show records functionality" time="0">
    <error message="no such window: target window already closed&#10;from unknown error: web view not found&#10;  (Session info: chrome=81.0.4044.129)&#10;Build info: version: &apos;3.141.59&apos;, revision: &apos;e82be7d358&apos;, time: &apos;2018-11-14T08:17:03&apos;&#10;System info: host: &apos;Tahminas-MacBook-Air.local&apos;, ip: &apos;2601:140:f:7354:a95e:112f:cc08:7dde%en0&apos;, os.name: &apos;Mac OS X&apos;, os.arch: &apos;x86_64&apos;, os.version: &apos;10.15.3&apos;, java.version: &apos;12.0.2&apos;&#10;Driver info: org.openqa.selenium.chrome.ChromeDriver&#10;Capabilities {acceptInsecureCerts: false, browserName: chrome, browserVersion: 81.0.4044.129, chrome: {chromedriverVersion: 81.0.4044.69 (6813546031a4b..., userDataDir: /var/folders/0l/sj8l7z5n16l...}, goog:chromeOptions: {debuggerAddress: localhost:64628}, javascriptEnabled: true, networkConnectionEnabled: false, pageLoadStrategy: normal, platform: MAC, platformName: MAC, proxy: Proxy(), setWindowRect: true, strictFileInteractability: false, timeouts: {implicit: 0, pageLoad: 300000, script: 30000}, unhandledPromptBehavior: dismiss and notify, webauthn:virtualAuthenticators: true}&#10;Session ID: 2260130346515444c0464f0e54913777" type="org.openqa.selenium.NoSuchWindowException"><![CDATA[org.openqa.selenium.NoSuchWindowException: 
no such window: target window already closed
from unknown error: web view not found
  (Session info: chrome=81.0.4044.129)
Build info: version: '3.141.59', revision: 'e82be7d358', time: '2018-11-14T08:17:03'
System info: host: 'Tahminas-MacBook-Air.local', ip: '2601:140:f:7354:a95e:112f:cc08:7dde%en0', os.name: 'Mac OS X', os.arch: 'x86_64', os.version: '10.15.3', java.version: '12.0.2'
Driver info: org.openqa.selenium.chrome.ChromeDriver
Capabilities {acceptInsecureCerts: false, browserName: chrome, browserVersion: 81.0.4044.129, chrome: {chromedriverVersion: 81.0.4044.69 (6813546031a4b..., userDataDir: /var/folders/0l/sj8l7z5n16l...}, goog:chromeOptions: {debuggerAddress: localhost:64628}, javascriptEnabled: true, networkConnectionEnabled: false, pageLoadStrategy: normal, platform: MAC, platformName: MAC, proxy: Proxy(), setWindowRect: true, strictFileInteractability: false, timeouts: {implicit: 0, pageLoad: 300000, script: 30000}, unhandledPromptBehavior: dismiss and notify, webauthn:virtualAuthenticators: true}
Session ID: 2260130346515444c0464f0e54913777
]]></error>
  </testcase>
</testsuite>